[INFO ] [2025-09-23T08:27:07,842] [main] [WebMvcTestContextBootstrapper] Neither @ContextConfiguration nor @ContextHierarchy found for test class [br.com.gubee.interview.core.features.hero.HeroControllerTest], using SpringBootContextLoader 
[INFO ] [2025-09-23T08:27:07,866] [main] [AbstractContextLoader] Could not detect default resource locations for test class [br.com.gubee.interview.core.features.hero.HeroControllerTest]: no resource found for suffixes {-context.xml, Context.groovy}. 
[INFO ] [2025-09-23T08:27:07,867] [main] [AnnotationConfigContextLoaderUtils] Could not detect default configuration classes for test class [br.com.gubee.interview.core.features.hero.HeroControllerTest]: HeroControllerTest does not declare any static, non-private, non-final, nested classes annotated with @Configuration. 
[INFO ] [2025-09-23T08:27:08,066] [main] [SpringBootTestContextBootstrapper] Found @SpringBootConfiguration br.com.gubee.interview.core.Application for test class br.com.gubee.interview.core.features.hero.HeroControllerTest 
[INFO ] [2025-09-23T08:27:08,074] [main] [WebMvcTestContextBootstrapper] Loaded default TestExecutionListener class names from location [META-INF/spring.factories]: [org.springframework.boot.test.mock.mockito.MockitoTestExecutionListener, org.springframework.boot.test.mock.mockito.ResetMocksTestExecutionListener, org.springframework.boot.test.autoconfigure.restdocs.RestDocsTestExecutionListener, org.springframework.boot.test.autoconfigure.web.client.MockRestServiceServerResetTestExecutionListener, org.springframework.boot.test.autoconfigure.web.servlet.MockMvcPrintOnlyOnFailureTestExecutionListener, org.springframework.boot.test.autoconfigure.web.servlet.WebDriverTestExecutionListener, org.springframework.boot.test.autoconfigure.webservices.client.MockWebServiceServerTestExecutionListener, org.springframework.test.context.web.ServletTestExecutionListener, org.springframework.test.context.support.DirtiesContextBeforeModesTestExecutionListener, org.springframework.test.context.event.ApplicationEventsTestExecutionListener, org.springframework.test.context.support.DependencyInjectionTestExecutionListener, org.springframework.test.context.support.DirtiesContextTestExecutionListener, org.springframework.test.context.transaction.TransactionalTestExecutionListener, org.springframework.test.context.jdbc.SqlScriptsTestExecutionListener, org.springframework.test.context.event.EventPublishingTestExecutionListener] 
[INFO ] [2025-09-23T08:27:08,107] [main] [WebMvcTestContextBootstrapper] Using TestExecutionListeners: [org.springframework.test.context.web.ServletTestExecutionListener@69b2f8e5, org.springframework.test.context.support.DirtiesContextBeforeModesTestExecutionListener@6331250e, org.springframework.test.context.event.ApplicationEventsTestExecutionListener@a10c1b5, org.springframework.boot.test.mock.mockito.MockitoTestExecutionListener@644abb8f, org.springframework.boot.test.autoconfigure.SpringBootDependencyInjectionTestExecutionListener@1a411233, org.springframework.test.context.support.DirtiesContextTestExecutionListener@70325d20, org.springframework.test.context.transaction.TransactionalTestExecutionListener@7c2327fa, org.springframework.test.context.jdbc.SqlScriptsTestExecutionListener@4d847d32, org.springframework.test.context.event.EventPublishingTestExecutionListener@5f462e3b, org.springframework.boot.test.mock.mockito.ResetMocksTestExecutionListener@3d7fa3ae, org.springframework.boot.test.autoconfigure.restdocs.RestDocsTestExecutionListener@58065f0c, org.springframework.boot.test.autoconfigure.web.client.MockRestServiceServerResetTestExecutionListener@3605c4d3, org.springframework.boot.test.autoconfigure.web.servlet.MockMvcPrintOnlyOnFailureTestExecutionListener@585c13de, org.springframework.boot.test.autoconfigure.web.servlet.WebDriverTestExecutionListener@187eb9a8, org.springframework.boot.test.autoconfigure.webservices.client.MockWebServiceServerTestExecutionListener@726a6b94] 
[INFO ] [2025-09-23T08:27:08,627] [background-preinit] [Version] HV000001: Hibernate Validator 6.2.3.Final 
[INFO ] [2025-09-23T08:27:08,684] [main] [HeroControllerTest] Starting HeroControllerTest using Java 17.0.12 on DESKTOP-FAH75N0 with PID 10860 (started by 00226 in C:\Guia Gubee\interview-junior\core) 
[INFO ] [2025-09-23T08:27:08,689] [main] [HeroControllerTest] No active profile set, falling back to 1 default profile: "default" 
[WARN ] [2025-09-23T08:27:09,762] [main] [GenericWebApplicationContext] Exception encountered during context initialization - cancelling refresh attempt: org.springframework.beans.factory.UnsatisfiedDependencyException: Error creating bean with name 'heroController' defined in file [C:\Guia Gubee\interview-junior\core\target\classes\br\com\gubee\interview\core\features\hero\HeroController.class]: Unsatisfied dependency expressed through constructor parameter 0; nested exception is org.springframework.beans.factory.NoSuchBeanDefinitionException: No qualifying bean of type 'br.com.gubee.interview.core.features.hero.HeroService' available: expected at least 1 bean which qualifies as autowire candidate. Dependency annotations: {} 
[INFO ] [2025-09-23T08:27:09,914] [main] [ConditionEvaluationReportLoggingListener] 

Error starting ApplicationContext. To display the conditions report re-run your application with 'debug' enabled. 
[ERROR] [2025-09-23T08:27:09,948] [main] [LoggingFailureAnalysisReporter] 

***************************
APPLICATION FAILED TO START
***************************

Description:

Parameter 0 of constructor in br.com.gubee.interview.core.features.hero.HeroController required a bean of type 'br.com.gubee.interview.core.features.hero.HeroService' that could not be found.


Action:

Consider defining a bean of type 'br.com.gubee.interview.core.features.hero.HeroService' in your configuration.
 
[INFO ] [2025-09-23T11:27:10,058] [main] [HeroControllerTest] Starting HeroControllerTest using Java 17.0.12 on DESKTOP-FAH75N0 with PID 10860 (started by 00226 in C:\Guia Gubee\interview-junior\core) 
[INFO ] [2025-09-23T11:27:10,062] [main] [HeroControllerTest] No active profile set, falling back to 1 default profile: "default" 
[WARN ] [2025-09-23T11:27:10,473] [main] [GenericWebApplicationContext] Exception encountered during context initialization - cancelling refresh attempt: org.springframework.beans.factory.UnsatisfiedDependencyException: Error creating bean with name 'heroController' defined in file [C:\Guia Gubee\interview-junior\core\target\classes\br\com\gubee\interview\core\features\hero\HeroController.class]: Unsatisfied dependency expressed through constructor parameter 0; nested exception is org.springframework.beans.factory.NoSuchBeanDefinitionException: No qualifying bean of type 'br.com.gubee.interview.core.features.hero.HeroService' available: expected at least 1 bean which qualifies as autowire candidate. Dependency annotations: {} 
[INFO ] [2025-09-23T11:27:10,481] [main] [ConditionEvaluationReportLoggingListener] 

Error starting ApplicationContext. To display the conditions report re-run your application with 'debug' enabled. 
[ERROR] [2025-09-23T11:27:10,483] [main] [LoggingFailureAnalysisReporter] 

***************************
APPLICATION FAILED TO START
***************************

Description:

Parameter 0 of constructor in br.com.gubee.interview.core.features.hero.HeroController required a bean of type 'br.com.gubee.interview.core.features.hero.HeroService' that could not be found.


Action:

Consider defining a bean of type 'br.com.gubee.interview.core.features.hero.HeroService' in your configuration.
 
[ERROR] [2025-09-23T11:27:10,484] [main] [TestContextManager] Caught exception while allowing TestExecutionListener [org.springframework.boot.test.autoconfigure.SpringBootDependencyInjectionTestExecutionListener@1a411233] to prepare test instance [br.com.gubee.interview.core.features.hero.HeroControllerTest@4e22368c] 
java.lang.IllegalStateException: Failed to load ApplicationContext
	at org.springframework.test.context.cache.DefaultCacheAwareContextLoaderDelegate.loadContext(DefaultCacheAwareContextLoaderDelegate.java:132) ~[spring-test-5.3.19.jar:5.3.19]
	at org.springframework.test.context.support.DefaultTestContext.getApplicationContext(DefaultTestContext.java:124) ~[spring-test-5.3.19.jar:5.3.19]
	at org.springframework.test.context.support.DependencyInjectionTestExecutionListener.injectDependencies(DependencyInjectionTestExecutionListener.java:118) ~[spring-test-5.3.19.jar:5.3.19]
	at org.springframework.test.context.support.DependencyInjectionTestExecutionListener.prepareTestInstance(DependencyInjectionTestExecutionListener.java:83) ~[spring-test-5.3.19.jar:5.3.19]
	at org.springframework.boot.test.autoconfigure.SpringBootDependencyInjectionTestExecutionListener.prepareTestInstance(SpringBootDependencyInjectionTestExecutionListener.java:43) ~[spring-boot-test-autoconfigure-2.6.7.jar:2.6.7]
	at org.springframework.test.context.TestContextManager.prepareTestInstance(TestContextManager.java:248) ~[spring-test-5.3.19.jar:5.3.19]
	at org.springframework.test.context.junit.jupiter.SpringExtension.postProcessTestInstance(SpringExtension.java:138) ~[spring-test-5.3.19.jar:5.3.19]
	at org.junit.jupiter.engine.descriptor.ClassBasedTestDescriptor.lambda$invokeTestInstancePostProcessors$8(ClassBasedTestDescriptor.java:363) ~[junit-jupiter-engine-5.8.2.jar:5.8.2]
	at org.junit.jupiter.engine.descriptor.ClassBasedTestDescriptor.executeAndMaskThrowable(ClassBasedTestDescriptor.java:368) ~[junit-jupiter-engine-5.8.2.jar:5.8.2]
	at org.junit.jupiter.engine.descriptor.ClassBasedTestDescriptor.lambda$invokeTestInstancePostProcessors$9(ClassBasedTestDescriptor.java:363) ~[junit-jupiter-engine-5.8.2.jar:5.8.2]
	at java.util.stream.ReferencePipeline$3$1.accept(ReferencePipeline.java:197) ~[?:?]
	at java.util.stream.ReferencePipeline$2$1.accept(ReferencePipeline.java:179) ~[?:?]
	at java.util.ArrayList$ArrayListSpliterator.forEachRemaining(ArrayList.java:1625) ~[?:?]
	at java.util.stream.AbstractPipeline.copyInto(AbstractPipeline.java:509) ~[?:?]
	at java.util.stream.AbstractPipeline.wrapAndCopyInto(AbstractPipeline.java:499) ~[?:?]
	at java.util.stream.StreamSpliterators$WrappingSpliterator.forEachRemaining(StreamSpliterators.java:310) ~[?:?]
	at java.util.stream.Streams$ConcatSpliterator.forEachRemaining(Streams.java:735) ~[?:?]
	at java.util.stream.Streams$ConcatSpliterator.forEachRemaining(Streams.java:734) ~[?:?]
	at java.util.stream.ReferencePipeline$Head.forEach(ReferencePipeline.java:762) ~[?:?]
	at org.junit.jupiter.engine.descriptor.ClassBasedTestDescriptor.invokeTestInstancePostProcessors(ClassBasedTestDescriptor.java:362) ~[junit-jupiter-engine-5.8.2.jar:5.8.2]
	at org.junit.jupiter.engine.descriptor.ClassBasedTestDescriptor.lambda$instantiateAndPostProcessTestInstance$6(ClassBasedTestDescriptor.java:283) ~[junit-jupiter-engine-5.8.2.jar:5.8.2]
	at org.junit.platform.engine.support.hierarchical.ThrowableCollector.execute(ThrowableCollector.java:73) ~[junit-platform-engine-1.8.2.jar:1.8.2]
	at org.junit.jupiter.engine.descriptor.ClassBasedTestDescriptor.instantiateAndPostProcessTestInstance(ClassBasedTestDescriptor.java:282) ~[junit-jupiter-engine-5.8.2.jar:5.8.2]
	at org.junit.jupiter.engine.descriptor.ClassBasedTestDescriptor.lambda$testInstancesProvider$4(ClassBasedTestDescriptor.java:272) ~[junit-jupiter-engine-5.8.2.jar:5.8.2]
	at java.util.Optional.orElseGet(Optional.java:364) ~[?:?]
	at org.junit.jupiter.engine.descriptor.ClassBasedTestDescriptor.lambda$testInstancesProvider$5(ClassBasedTestDescriptor.java:271) ~[junit-jupiter-engine-5.8.2.jar:5.8.2]
	at org.junit.jupiter.engine.execution.TestInstancesProvider.getTestInstances(TestInstancesProvider.java:31) ~[junit-jupiter-engine-5.8.2.jar:5.8.2]
	at org.junit.jupiter.engine.descriptor.TestMethodTestDescriptor.lambda$prepare$0(TestMethodTestDescriptor.java:102) ~[junit-jupiter-engine-5.8.2.jar:5.8.2]
	at org.junit.platform.engine.support.hierarchical.ThrowableCollector.execute(ThrowableCollector.java:73) ~[junit-platform-engine-1.8.2.jar:1.8.2]
	at org.junit.jupiter.engine.descriptor.TestMethodTestDescriptor.prepare(TestMethodTestDescriptor.java:101) ~[junit-jupiter-engine-5.8.2.jar:5.8.2]
	at org.junit.jupiter.engine.descriptor.TestMethodTestDescriptor.prepare(TestMethodTestDescriptor.java:66) ~[junit-jupiter-engine-5.8.2.jar:5.8.2]
	at org.junit.platform.engine.support.hierarchical.NodeTestTask.lambda$prepare$2(NodeTestTask.java:123) ~[junit-platform-engine-1.8.2.jar:1.8.2]
	at org.junit.platform.engine.support.hierarchical.ThrowableCollector.execute(ThrowableCollector.java:73) ~[junit-platform-engine-1.8.2.jar:1.8.2]
	at org.junit.platform.engine.support.hierarchical.NodeTestTask.prepare(NodeTestTask.java:123) ~[junit-platform-engine-1.8.2.jar:1.8.2]
	at org.junit.platform.engine.support.hierarchical.NodeTestTask.execute(NodeTestTask.java:90) ~[junit-platform-engine-1.8.2.jar:1.8.2]
	at java.util.ArrayList.forEach(ArrayList.java:1511) ~[?:?]
	at org.junit.platform.engine.support.hierarchical.SameThreadHierarchicalTestExecutorService.invokeAll(SameThreadHierarchicalTestExecutorService.java:41) ~[junit-platform-engine-1.8.2.jar:1.8.2]
	at org.junit.platform.engine.support.hierarchical.NodeTestTask.lambda$executeRecursively$6(NodeTestTask.java:155) ~[junit-platform-engine-1.8.2.jar:1.8.2]
	at org.junit.platform.engine.support.hierarchical.ThrowableCollector.execute(ThrowableCollector.java:73) ~[junit-platform-engine-1.8.2.jar:1.8.2]
	at org.junit.platform.engine.support.hierarchical.NodeTestTask.lambda$executeRecursively$8(NodeTestTask.java:141) ~[junit-platform-engine-1.8.2.jar:1.8.2]
	at org.junit.platform.engine.support.hierarchical.Node.around(Node.java:137) ~[junit-platform-engine-1.8.2.jar:1.8.2]
	at org.junit.platform.engine.support.hierarchical.NodeTestTask.lambda$executeRecursively$9(NodeTestTask.java:139) ~[junit-platform-engine-1.8.2.jar:1.8.2]
	at org.junit.platform.engine.support.hierarchical.ThrowableCollector.execute(ThrowableCollector.java:73) ~[junit-platform-engine-1.8.2.jar:1.8.2]
	at org.junit.platform.engine.support.hierarchical.NodeTestTask.executeRecursively(NodeTestTask.java:138) ~[junit-platform-engine-1.8.2.jar:1.8.2]
	at org.junit.platform.engine.support.hierarchical.NodeTestTask.execute(NodeTestTask.java:95) ~[junit-platform-engine-1.8.2.jar:1.8.2]
	at java.util.ArrayList.forEach(ArrayList.java:1511) ~[?:?]
	at org.junit.platform.engine.support.hierarchical.SameThreadHierarchicalTestExecutorService.invokeAll(SameThreadHierarchicalTestExecutorService.java:41) ~[junit-platform-engine-1.8.2.jar:1.8.2]
	at org.junit.platform.engine.support.hierarchical.NodeTestTask.lambda$executeRecursively$6(NodeTestTask.java:155) ~[junit-platform-engine-1.8.2.jar:1.8.2]
	at org.junit.platform.engine.support.hierarchical.ThrowableCollector.execute(ThrowableCollector.java:73) ~[junit-platform-engine-1.8.2.jar:1.8.2]
	at org.junit.platform.engine.support.hierarchical.NodeTestTask.lambda$executeRecursively$8(NodeTestTask.java:141) ~[junit-platform-engine-1.8.2.jar:1.8.2]
	at org.junit.platform.engine.support.hierarchical.Node.around(Node.java:137) ~[junit-platform-engine-1.8.2.jar:1.8.2]
	at org.junit.platform.engine.support.hierarchical.NodeTestTask.lambda$executeRecursively$9(NodeTestTask.java:139) ~[junit-platform-engine-1.8.2.jar:1.8.2]
	at org.junit.platform.engine.support.hierarchical.ThrowableCollector.execute(ThrowableCollector.java:73) ~[junit-platform-engine-1.8.2.jar:1.8.2]
	at org.junit.platform.engine.support.hierarchical.NodeTestTask.executeRecursively(NodeTestTask.java:138) ~[junit-platform-engine-1.8.2.jar:1.8.2]
	at org.junit.platform.engine.support.hierarchical.NodeTestTask.execute(NodeTestTask.java:95) ~[junit-platform-engine-1.8.2.jar:1.8.2]
	at org.junit.platform.engine.support.hierarchical.SameThreadHierarchicalTestExecutorService.submit(SameThreadHierarchicalTestExecutorService.java:35) ~[junit-platform-engine-1.8.2.jar:1.8.2]
	at org.junit.platform.engine.support.hierarchical.HierarchicalTestExecutor.execute(HierarchicalTestExecutor.java:57) ~[junit-platform-engine-1.8.2.jar:1.8.2]
	at org.junit.platform.engine.support.hierarchical.HierarchicalTestEngine.execute(HierarchicalTestEngine.java:54) ~[junit-platform-engine-1.8.2.jar:1.8.2]
	at org.junit.platform.launcher.core.EngineExecutionOrchestrator.execute(EngineExecutionOrchestrator.java:107) ~[junit-platform-launcher-1.8.2.jar:1.8.2]
	at org.junit.platform.launcher.core.EngineExecutionOrchestrator.execute(EngineExecutionOrchestrator.java:88) ~[junit-platform-launcher-1.8.2.jar:1.8.2]
	at org.junit.platform.launcher.core.EngineExecutionOrchestrator.lambda$execute$0(EngineExecutionOrchestrator.java:54) ~[junit-platform-launcher-1.8.2.jar:1.8.2]
	at org.junit.platform.launcher.core.EngineExecutionOrchestrator.withInterceptedStreams(EngineExecutionOrchestrator.java:67) ~[junit-platform-launcher-1.8.2.jar:1.8.2]
	at org.junit.platform.launcher.core.EngineExecutionOrchestrator.execute(EngineExecutionOrchestrator.java:52) ~[junit-platform-launcher-1.8.2.jar:1.8.2]
	at org.junit.platform.launcher.core.DefaultLauncher.execute(DefaultLauncher.java:114) ~[junit-platform-launcher-1.8.2.jar:1.8.2]
	at org.junit.platform.launcher.core.DefaultLauncher.execute(DefaultLauncher.java:86) ~[junit-platform-launcher-1.8.2.jar:1.8.2]
	at org.junit.platform.launcher.core.DefaultLauncherSession$DelegatingLauncher.execute(DefaultLauncherSession.java:86) ~[junit-platform-launcher-1.8.2.jar:1.8.2]
	at org.junit.platform.launcher.core.SessionPerRequestLauncher.execute(SessionPerRequestLauncher.java:53) ~[junit-platform-launcher-1.8.2.jar:1.8.2]
	at com.intellij.junit5.JUnit5IdeaTestRunner.startRunnerWithArgs(JUnit5IdeaTestRunner.java:66) ~[junit5-rt.jar:?]
	at com.intellij.rt.junit.IdeaTestRunner$Repeater$1.execute(IdeaTestRunner.java:38) ~[junit-rt.jar:?]
	at com.intellij.rt.execution.junit.TestsRepeater.repeat(TestsRepeater.java:11) ~[idea_rt.jar:?]
	at com.intellij.rt.junit.IdeaTestRunner$Repeater.startRunnerWithArgs(IdeaTestRunner.java:35) ~[junit-rt.jar:?]
	at com.intellij.rt.junit.JUnitStarter.prepareStreamsAndStart(JUnitStarter.java:231) ~[junit-rt.jar:?]
	at com.intellij.rt.junit.JUnitStarter.main(JUnitStarter.java:55) ~[junit-rt.jar:?]
Caused by: org.springframework.beans.factory.UnsatisfiedDependencyException: Error creating bean with name 'heroController' defined in file [C:\Guia Gubee\interview-junior\core\target\classes\br\com\gubee\interview\core\features\hero\HeroController.class]: Unsatisfied dependency expressed through constructor parameter 0; nested exception is org.springframework.beans.factory.NoSuchBeanDefinitionException: No qualifying bean of type 'br.com.gubee.interview.core.features.hero.HeroService' available: expected at least 1 bean which qualifies as autowire candidate. Dependency annotations: {}
	at org.springframework.beans.factory.support.ConstructorResolver.createArgumentArray(ConstructorResolver.java:800) ~[spring-beans-5.3.19.jar:5.3.19]
	at org.springframework.beans.factory.support.ConstructorResolver.autowireConstructor(ConstructorResolver.java:229) ~[spring-beans-5.3.19.jar:5.3.19]
	at org.springframework.beans.factory.support.AbstractAutowireCapableBeanFactory.autowireConstructor(AbstractAutowireCapableBeanFactory.java:1372) ~[spring-beans-5.3.19.jar:5.3.19]
	at org.springframework.beans.factory.support.AbstractAutowireCapableBeanFactory.createBeanInstance(AbstractAutowireCapableBeanFactory.java:1222) ~[spring-beans-5.3.19.jar:5.3.19]
	at org.springframework.beans.factory.support.AbstractAutowireCapableBeanFactory.doCreateBean(AbstractAutowireCapableBeanFactory.java:582) ~[spring-beans-5.3.19.jar:5.3.19]
	at org.springframework.beans.factory.support.AbstractAutowireCapableBeanFactory.createBean(AbstractAutowireCapableBeanFactory.java:542) ~[spring-beans-5.3.19.jar:5.3.19]
	at org.springframework.beans.factory.support.AbstractBeanFactory.lambda$doGetBean$0(AbstractBeanFactory.java:335) ~[spring-beans-5.3.19.jar:5.3.19]
	at org.springframework.beans.factory.support.DefaultSingletonBeanRegistry.getSingleton(DefaultSingletonBeanRegistry.java:234) ~[spring-beans-5.3.19.jar:5.3.19]
	at org.springframework.beans.factory.support.AbstractBeanFactory.doGetBean(AbstractBeanFactory.java:333) ~[spring-beans-5.3.19.jar:5.3.19]
	at org.springframework.beans.factory.support.AbstractBeanFactory.getBean(AbstractBeanFactory.java:208) ~[spring-beans-5.3.19.jar:5.3.19]
	at org.springframework.beans.factory.support.DefaultListableBeanFactory.preInstantiateSingletons(DefaultListableBeanFactory.java:953) ~[spring-beans-5.3.19.jar:5.3.19]
	at org.springframework.context.support.AbstractApplicationContext.finishBeanFactoryInitialization(AbstractApplicationContext.java:918) ~[spring-context-5.3.19.jar:5.3.19]
	at org.springframework.context.support.AbstractApplicationContext.refresh(AbstractApplicationContext.java:583) ~[spring-context-5.3.19.jar:5.3.19]
	at org.springframework.boot.SpringApplication.refresh(SpringApplication.java:740) ~[spring-boot-2.6.7.jar:2.6.7]
	at org.springframework.boot.SpringApplication.refreshContext(SpringApplication.java:415) ~[spring-boot-2.6.7.jar:2.6.7]
	at org.springframework.boot.SpringApplication.run(SpringApplication.java:303) ~[spring-boot-2.6.7.jar:2.6.7]
	at org.springframework.boot.test.context.SpringBootContextLoader.loadContext(SpringBootContextLoader.java:144) ~[spring-boot-test-2.6.7.jar:2.6.7]
	at org.springframework.test.context.cache.DefaultCacheAwareContextLoaderDelegate.loadContextInternal(DefaultCacheAwareContextLoaderDelegate.java:99) ~[spring-test-5.3.19.jar:5.3.19]
	at org.springframework.test.context.cache.DefaultCacheAwareContextLoaderDelegate.loadContext(DefaultCacheAwareContextLoaderDelegate.java:124) ~[spring-test-5.3.19.jar:5.3.19]
	... 72 more
Caused by: org.springframework.beans.factory.NoSuchBeanDefinitionException: No qualifying bean of type 'br.com.gubee.interview.core.features.hero.HeroService' available: expected at least 1 bean which qualifies as autowire candidate. Dependency annotations: {}
	at org.springframework.beans.factory.support.DefaultListableBeanFactory.raiseNoMatchingBeanFound(DefaultListableBeanFactory.java:1799) ~[spring-beans-5.3.19.jar:5.3.19]
	at org.springframework.beans.factory.support.DefaultListableBeanFactory.doResolveDependency(DefaultListableBeanFactory.java:1355) ~[spring-beans-5.3.19.jar:5.3.19]
	at org.springframework.beans.factory.support.DefaultListableBeanFactory.resolveDependency(DefaultListableBeanFactory.java:1309) ~[spring-beans-5.3.19.jar:5.3.19]
	at org.springframework.beans.factory.support.ConstructorResolver.resolveAutowiredArgument(ConstructorResolver.java:887) ~[spring-beans-5.3.19.jar:5.3.19]
	at org.springframework.beans.factory.support.ConstructorResolver.createArgumentArray(ConstructorResolver.java:791) ~[spring-beans-5.3.19.jar:5.3.19]
	at org.springframework.beans.factory.support.ConstructorResolver.autowireConstructor(ConstructorResolver.java:229) ~[spring-beans-5.3.19.jar:5.3.19]
	at org.springframework.beans.factory.support.AbstractAutowireCapableBeanFactory.autowireConstructor(AbstractAutowireCapableBeanFactory.java:1372) ~[spring-beans-5.3.19.jar:5.3.19]
	at org.springframework.beans.factory.support.AbstractAutowireCapableBeanFactory.createBeanInstance(AbstractAutowireCapableBeanFactory.java:1222) ~[spring-beans-5.3.19.jar:5.3.19]
	at org.springframework.beans.factory.support.AbstractAutowireCapableBeanFactory.doCreateBean(AbstractAutowireCapableBeanFactory.java:582) ~[spring-beans-5.3.19.jar:5.3.19]
	at org.springframework.beans.factory.support.AbstractAutowireCapableBeanFactory.createBean(AbstractAutowireCapableBeanFactory.java:542) ~[spring-beans-5.3.19.jar:5.3.19]
	at org.springframework.beans.factory.support.AbstractBeanFactory.lambda$doGetBean$0(AbstractBeanFactory.java:335) ~[spring-beans-5.3.19.jar:5.3.19]
	at org.springframework.beans.factory.support.DefaultSingletonBeanRegistry.getSingleton(DefaultSingletonBeanRegistry.java:234) ~[spring-beans-5.3.19.jar:5.3.19]
	at org.springframework.beans.factory.support.AbstractBeanFactory.doGetBean(AbstractBeanFactory.java:333) ~[spring-beans-5.3.19.jar:5.3.19]
	at org.springframework.beans.factory.support.AbstractBeanFactory.getBean(AbstractBeanFactory.java:208) ~[spring-beans-5.3.19.jar:5.3.19]
	at org.springframework.beans.factory.support.DefaultListableBeanFactory.preInstantiateSingletons(DefaultListableBeanFactory.java:953) ~[spring-beans-5.3.19.jar:5.3.19]
	at org.springframework.context.support.AbstractApplicationContext.finishBeanFactoryInitialization(AbstractApplicationContext.java:918) ~[spring-context-5.3.19.jar:5.3.19]
	at org.springframework.context.support.AbstractApplicationContext.refresh(AbstractApplicationContext.java:583) ~[spring-context-5.3.19.jar:5.3.19]
	at org.springframework.boot.SpringApplication.refresh(SpringApplication.java:740) ~[spring-boot-2.6.7.jar:2.6.7]
	at org.springframework.boot.SpringApplication.refreshContext(SpringApplication.java:415) ~[spring-boot-2.6.7.jar:2.6.7]
	at org.springframework.boot.SpringApplication.run(SpringApplication.java:303) ~[spring-boot-2.6.7.jar:2.6.7]
	at org.springframework.boot.test.context.SpringBootContextLoader.loadContext(SpringBootContextLoader.java:144) ~[spring-boot-test-2.6.7.jar:2.6.7]
	at org.springframework.test.context.cache.DefaultCacheAwareContextLoaderDelegate.loadContextInternal(DefaultCacheAwareContextLoaderDelegate.java:99) ~[spring-test-5.3.19.jar:5.3.19]
	at org.springframework.test.context.cache.DefaultCacheAwareContextLoaderDelegate.loadContext(DefaultCacheAwareContextLoaderDelegate.java:124) ~[spring-test-5.3.19.jar:5.3.19]
	... 72 more
[INFO ] [2025-09-23T08:43:27,883] [main] [WebMvcTestContextBootstrapper] Neither @ContextConfiguration nor @ContextHierarchy found for test class [br.com.gubee.interview.core.features.hero.HeroControllerTest], using SpringBootContextLoader 
[INFO ] [2025-09-23T08:43:27,893] [main] [AbstractContextLoader] Could not detect default resource locations for test class [br.com.gubee.interview.core.features.hero.HeroControllerTest]: no resource found for suffixes {-context.xml, Context.groovy}. 
[INFO ] [2025-09-23T08:43:27,894] [main] [AnnotationConfigContextLoaderUtils] Could not detect default configuration classes for test class [br.com.gubee.interview.core.features.hero.HeroControllerTest]: HeroControllerTest does not declare any static, non-private, non-final, nested classes annotated with @Configuration. 
[INFO ] [2025-09-23T08:43:28,093] [main] [SpringBootTestContextBootstrapper] Found @SpringBootConfiguration br.com.gubee.interview.core.Application for test class br.com.gubee.interview.core.features.hero.HeroControllerTest 
[INFO ] [2025-09-23T08:43:28,098] [main] [WebMvcTestContextBootstrapper] Loaded default TestExecutionListener class names from location [META-INF/spring.factories]: [org.springframework.boot.test.mock.mockito.MockitoTestExecutionListener, org.springframework.boot.test.mock.mockito.ResetMocksTestExecutionListener, org.springframework.boot.test.autoconfigure.restdocs.RestDocsTestExecutionListener, org.springframework.boot.test.autoconfigure.web.client.MockRestServiceServerResetTestExecutionListener, org.springframework.boot.test.autoconfigure.web.servlet.MockMvcPrintOnlyOnFailureTestExecutionListener, org.springframework.boot.test.autoconfigure.web.servlet.WebDriverTestExecutionListener, org.springframework.boot.test.autoconfigure.webservices.client.MockWebServiceServerTestExecutionListener, org.springframework.test.context.web.ServletTestExecutionListener, org.springframework.test.context.support.DirtiesContextBeforeModesTestExecutionListener, org.springframework.test.context.event.ApplicationEventsTestExecutionListener, org.springframework.test.context.support.DependencyInjectionTestExecutionListener, org.springframework.test.context.support.DirtiesContextTestExecutionListener, org.springframework.test.context.transaction.TransactionalTestExecutionListener, org.springframework.test.context.jdbc.SqlScriptsTestExecutionListener, org.springframework.test.context.event.EventPublishingTestExecutionListener] 
[INFO ] [2025-09-23T08:43:28,135] [main] [WebMvcTestContextBootstrapper] Using TestExecutionListeners: [org.springframework.test.context.web.ServletTestExecutionListener@5395ea39, org.springframework.test.context.support.DirtiesContextBeforeModesTestExecutionListener@1517f633, org.springframework.test.context.event.ApplicationEventsTestExecutionListener@4fe01803, org.springframework.boot.test.mock.mockito.MockitoTestExecutionListener@13d186db, org.springframework.boot.test.autoconfigure.SpringBootDependencyInjectionTestExecutionListener@6f6962ba, org.springframework.test.context.support.DirtiesContextTestExecutionListener@4565a70a, org.springframework.test.context.transaction.TransactionalTestExecutionListener@a0a9fa5, org.springframework.test.context.jdbc.SqlScriptsTestExecutionListener@15723761, org.springframework.test.context.event.EventPublishingTestExecutionListener@312afbc7, org.springframework.boot.test.mock.mockito.ResetMocksTestExecutionListener@599f571f, org.springframework.boot.test.autoconfigure.restdocs.RestDocsTestExecutionListener@7b60c3e, org.springframework.boot.test.autoconfigure.web.client.MockRestServiceServerResetTestExecutionListener@3fbfa96, org.springframework.boot.test.autoconfigure.web.servlet.MockMvcPrintOnlyOnFailureTestExecutionListener@6569dded, org.springframework.boot.test.autoconfigure.web.servlet.WebDriverTestExecutionListener@466d49f0, org.springframework.boot.test.autoconfigure.webservices.client.MockWebServiceServerTestExecutionListener@710d7aff] 
[INFO ] [2025-09-23T08:43:28,643] [background-preinit] [Version] HV000001: Hibernate Validator 6.2.3.Final 
[INFO ] [2025-09-23T08:43:28,688] [main] [HeroControllerTest] Starting HeroControllerTest using Java 17.0.12 on DESKTOP-FAH75N0 with PID 14284 (started by 00226 in C:\Guia Gubee\interview-junior\core) 
[INFO ] [2025-09-23T08:43:28,692] [main] [HeroControllerTest] No active profile set, falling back to 1 default profile: "default" 
[INFO ] [2025-09-23T08:43:31,544] [main] [SpringBootMockServletContext] Initializing Spring TestDispatcherServlet '' 
[INFO ] [2025-09-23T08:43:31,545] [main] [TestDispatcherServlet] Initializing Servlet '' 
[INFO ] [2025-09-23T08:43:31,547] [main] [TestDispatcherServlet] Completed initialization in 2 ms 
[INFO ] [2025-09-23T08:43:31,618] [main] [HeroControllerTest] Started HeroControllerTest in 3.389 seconds (JVM running for 5.912) 
[WARN ] [2025-09-23T08:43:31,663] [main] [TestContextManager] Caught exception while invoking 'beforeTestMethod' callback on TestExecutionListener [org.springframework.test.context.transaction.TransactionalTestExecutionListener@a0a9fa5] for test method [void br.com.gubee.interview.core.features.hero.HeroControllerTest.createAHeroWithAllRequiredArguments() throws java.lang.Exception] and test instance [br.com.gubee.interview.core.features.hero.HeroControllerTest@5c1c9881] 
java.lang.IllegalStateException: Failed to retrieve PlatformTransactionManager for @Transactional test: [DefaultTestContext@1ddf42dd testClass = HeroControllerTest, testInstance = br.com.gubee.interview.core.features.hero.HeroControllerTest@5c1c9881, testMethod = createAHeroWithAllRequiredArguments@HeroControllerTest, testException = [null], mergedContextConfiguration = [WebMergedContextConfiguration@1c18ee69 testClass = HeroControllerTest, locations = '{}', classes = '{class br.com.gubee.interview.core.Application}', contextInitializerClasses = '[]', activeProfiles = '{}', propertySourceLocations = '{}', propertySourceProperties = '{org.springframework.boot.test.autoconfigure.web.servlet.WebMvcTestContextBootstrapper=true}', contextCustomizers = set[[ImportsContextCustomizer@2f99d8c key = [org.springframework.boot.autoconfigure.cache.CacheAutoConfiguration, org.springframework.boot.autoconfigure.context.MessageSourceAutoConfiguration, org.springframework.boot.autoconfigure.data.web.SpringDataWebAutoConfiguration, org.springframework.boot.autoconfigure.freemarker.FreeMarkerAutoConfiguration, org.springframework.boot.autoconfigure.groovy.template.GroovyTemplateAutoConfiguration, org.springframework.boot.autoconfigure.gson.GsonAutoConfiguration, org.springframework.boot.autoconfigure.hateoas.HypermediaAutoConfiguration, org.springframework.boot.autoconfigure.http.HttpMessageConvertersAutoConfiguration, org.springframework.boot.autoconfigure.jackson.JacksonAutoConfiguration, org.springframework.boot.autoconfigure.jsonb.JsonbAutoConfiguration, org.springframework.boot.autoconfigure.mustache.MustacheAutoConfiguration, org.springframework.boot.autoconfigure.task.TaskExecutionAutoConfiguration, org.springframework.boot.autoconfigure.thymeleaf.ThymeleafAutoConfiguration, org.springframework.boot.autoconfigure.validation.ValidationAutoConfiguration, org.springframework.boot.autoconfigure.web.servlet.error.ErrorMvcAutoConfiguration, org.springframework.boot.autoconfigure.web.servlet.HttpEncodingAutoConfiguration, org.springframework.boot.autoconfigure.web.servlet.WebMvcAutoConfiguration, org.springframework.boot.test.autoconfigure.web.servlet.MockMvcAutoConfiguration, org.springframework.boot.test.autoconfigure.web.servlet.MockMvcWebClientAutoConfiguration, org.springframework.boot.test.autoconfigure.web.servlet.MockMvcWebDriverAutoConfiguration, org.springframework.boot.autoconfigure.security.oauth2.client.servlet.OAuth2ClientAutoConfiguration, org.springframework.boot.autoconfigure.security.oauth2.resource.servlet.OAuth2ResourceServerAutoConfiguration, org.springframework.boot.autoconfigure.security.servlet.SecurityAutoConfiguration, org.springframework.boot.autoconfigure.security.servlet.SecurityFilterAutoConfiguration, org.springframework.boot.autoconfigure.security.servlet.UserDetailsServiceAutoConfiguration, org.springframework.boot.test.autoconfigure.web.servlet.MockMvcSecurityConfiguration, org.springframework.boot.test.autoconfigure.web.reactive.WebTestClientAutoConfiguration]], org.springframework.boot.test.context.filter.ExcludeFilterContextCustomizer@b09fac1, org.springframework.boot.test.json.DuplicateJsonObjectContextCustomizerFactory$DuplicateJsonObjectContextCustomizer@62e8f862, org.springframework.boot.test.mock.mockito.MockitoContextCustomizer@a59a1e8, org.springframework.boot.test.autoconfigure.OverrideAutoConfigurationContextCustomizerFactory$DisableAutoConfigurationContextCustomizer@76f10035, org.springframework.boot.test.autoconfigure.actuate.metrics.MetricsExportContextCustomizerFactory$DisableMetricExportContextCustomizer@41c62850, org.springframework.boot.test.autoconfigure.filter.TypeExcludeFiltersContextCustomizer@e8898598, org.springframework.boot.test.autoconfigure.properties.PropertyMappingContextCustomizer@145d9c0c, org.springframework.boot.test.autoconfigure.web.servlet.WebDriverContextCustomizerFactory$Customizer@5b989dc7, org.springframework.boot.test.context.SpringBootTestArgs@1, org.springframework.boot.test.context.SpringBootTestWebEnvironment@0], resourceBasePath = 'src/main/webapp', contextLoader = 'org.springframework.boot.test.context.SpringBootContextLoader', parent = [null]], attributes = map['org.springframework.test.context.event.ApplicationEventsTestExecutionListener.recordApplicationEvents' -> false]]
	at org.springframework.util.Assert.state(Assert.java:97) ~[spring-core-5.3.19.jar:5.3.19]
	at org.springframework.test.context.transaction.TransactionalTestExecutionListener.beforeTestMethod(TransactionalTestExecutionListener.java:224) ~[spring-test-5.3.19.jar:5.3.19]
	at org.springframework.test.context.TestContextManager.beforeTestMethod(TestContextManager.java:293) ~[spring-test-5.3.19.jar:5.3.19]
	at org.springframework.test.context.junit.jupiter.SpringExtension.beforeEach(SpringExtension.java:174) ~[spring-test-5.3.19.jar:5.3.19]
	at org.junit.jupiter.engine.descriptor.TestMethodTestDescriptor.lambda$invokeBeforeEachCallbacks$2(TestMethodTestDescriptor.java:163) ~[junit-jupiter-engine-5.8.2.jar:5.8.2]
	at org.junit.jupiter.engine.descriptor.TestMethodTestDescriptor.lambda$invokeBeforeMethodsOrCallbacksUntilExceptionOccurs$6(TestMethodTestDescriptor.java:199) ~[junit-jupiter-engine-5.8.2.jar:5.8.2]
	at org.junit.platform.engine.support.hierarchical.ThrowableCollector.execute(ThrowableCollector.java:73) ~[junit-platform-engine-1.8.2.jar:1.8.2]
	at org.junit.jupiter.engine.descriptor.TestMethodTestDescriptor.invokeBeforeMethodsOrCallbacksUntilExceptionOccurs(TestMethodTestDescriptor.java:199) ~[junit-jupiter-engine-5.8.2.jar:5.8.2]
	at org.junit.jupiter.engine.descriptor.TestMethodTestDescriptor.invokeBeforeEachCallbacks(TestMethodTestDescriptor.java:162) ~[junit-jupiter-engine-5.8.2.jar:5.8.2]
	at org.junit.jupiter.engine.descriptor.TestMethodTestDescriptor.execute(TestMethodTestDescriptor.java:129) ~[junit-jupiter-engine-5.8.2.jar:5.8.2]
	at org.junit.jupiter.engine.descriptor.TestMethodTestDescriptor.execute(TestMethodTestDescriptor.java:66) ~[junit-jupiter-engine-5.8.2.jar:5.8.2]
	at org.junit.platform.engine.support.hierarchical.NodeTestTask.lambda$executeRecursively$6(NodeTestTask.java:151) ~[junit-platform-engine-1.8.2.jar:1.8.2]
	at org.junit.platform.engine.support.hierarchical.ThrowableCollector.execute(ThrowableCollector.java:73) ~[junit-platform-engine-1.8.2.jar:1.8.2]
	at org.junit.platform.engine.support.hierarchical.NodeTestTask.lambda$executeRecursively$8(NodeTestTask.java:141) ~[junit-platform-engine-1.8.2.jar:1.8.2]
	at org.junit.platform.engine.support.hierarchical.Node.around(Node.java:137) ~[junit-platform-engine-1.8.2.jar:1.8.2]
	at org.junit.platform.engine.support.hierarchical.NodeTestTask.lambda$executeRecursively$9(NodeTestTask.java:139) ~[junit-platform-engine-1.8.2.jar:1.8.2]
	at org.junit.platform.engine.support.hierarchical.ThrowableCollector.execute(ThrowableCollector.java:73) ~[junit-platform-engine-1.8.2.jar:1.8.2]
	at org.junit.platform.engine.support.hierarchical.NodeTestTask.executeRecursively(NodeTestTask.java:138) ~[junit-platform-engine-1.8.2.jar:1.8.2]
	at org.junit.platform.engine.support.hierarchical.NodeTestTask.execute(NodeTestTask.java:95) ~[junit-platform-engine-1.8.2.jar:1.8.2]
	at java.util.ArrayList.forEach(ArrayList.java:1511) ~[?:?]
	at org.junit.platform.engine.support.hierarchical.SameThreadHierarchicalTestExecutorService.invokeAll(SameThreadHierarchicalTestExecutorService.java:41) ~[junit-platform-engine-1.8.2.jar:1.8.2]
	at org.junit.platform.engine.support.hierarchical.NodeTestTask.lambda$executeRecursively$6(NodeTestTask.java:155) ~[junit-platform-engine-1.8.2.jar:1.8.2]
	at org.junit.platform.engine.support.hierarchical.ThrowableCollector.execute(ThrowableCollector.java:73) ~[junit-platform-engine-1.8.2.jar:1.8.2]
	at org.junit.platform.engine.support.hierarchical.NodeTestTask.lambda$executeRecursively$8(NodeTestTask.java:141) ~[junit-platform-engine-1.8.2.jar:1.8.2]
	at org.junit.platform.engine.support.hierarchical.Node.around(Node.java:137) ~[junit-platform-engine-1.8.2.jar:1.8.2]
	at org.junit.platform.engine.support.hierarchical.NodeTestTask.lambda$executeRecursively$9(NodeTestTask.java:139) ~[junit-platform-engine-1.8.2.jar:1.8.2]
	at org.junit.platform.engine.support.hierarchical.ThrowableCollector.execute(ThrowableCollector.java:73) ~[junit-platform-engine-1.8.2.jar:1.8.2]
	at org.junit.platform.engine.support.hierarchical.NodeTestTask.executeRecursively(NodeTestTask.java:138) ~[junit-platform-engine-1.8.2.jar:1.8.2]
	at org.junit.platform.engine.support.hierarchical.NodeTestTask.execute(NodeTestTask.java:95) ~[junit-platform-engine-1.8.2.jar:1.8.2]
	at java.util.ArrayList.forEach(ArrayList.java:1511) ~[?:?]
	at org.junit.platform.engine.support.hierarchical.SameThreadHierarchicalTestExecutorService.invokeAll(SameThreadHierarchicalTestExecutorService.java:41) ~[junit-platform-engine-1.8.2.jar:1.8.2]
	at org.junit.platform.engine.support.hierarchical.NodeTestTask.lambda$executeRecursively$6(NodeTestTask.java:155) ~[junit-platform-engine-1.8.2.jar:1.8.2]
	at org.junit.platform.engine.support.hierarchical.ThrowableCollector.execute(ThrowableCollector.java:73) ~[junit-platform-engine-1.8.2.jar:1.8.2]
	at org.junit.platform.engine.support.hierarchical.NodeTestTask.lambda$executeRecursively$8(NodeTestTask.java:141) ~[junit-platform-engine-1.8.2.jar:1.8.2]
	at org.junit.platform.engine.support.hierarchical.Node.around(Node.java:137) ~[junit-platform-engine-1.8.2.jar:1.8.2]
	at org.junit.platform.engine.support.hierarchical.NodeTestTask.lambda$executeRecursively$9(NodeTestTask.java:139) ~[junit-platform-engine-1.8.2.jar:1.8.2]
	at org.junit.platform.engine.support.hierarchical.ThrowableCollector.execute(ThrowableCollector.java:73) ~[junit-platform-engine-1.8.2.jar:1.8.2]
	at org.junit.platform.engine.support.hierarchical.NodeTestTask.executeRecursively(NodeTestTask.java:138) ~[junit-platform-engine-1.8.2.jar:1.8.2]
	at org.junit.platform.engine.support.hierarchical.NodeTestTask.execute(NodeTestTask.java:95) ~[junit-platform-engine-1.8.2.jar:1.8.2]
	at org.junit.platform.engine.support.hierarchical.SameThreadHierarchicalTestExecutorService.submit(SameThreadHierarchicalTestExecutorService.java:35) ~[junit-platform-engine-1.8.2.jar:1.8.2]
	at org.junit.platform.engine.support.hierarchical.HierarchicalTestExecutor.execute(HierarchicalTestExecutor.java:57) ~[junit-platform-engine-1.8.2.jar:1.8.2]
	at org.junit.platform.engine.support.hierarchical.HierarchicalTestEngine.execute(HierarchicalTestEngine.java:54) ~[junit-platform-engine-1.8.2.jar:1.8.2]
	at org.junit.platform.launcher.core.EngineExecutionOrchestrator.execute(EngineExecutionOrchestrator.java:107) ~[junit-platform-launcher-1.8.2.jar:1.8.2]
	at org.junit.platform.launcher.core.EngineExecutionOrchestrator.execute(EngineExecutionOrchestrator.java:88) ~[junit-platform-launcher-1.8.2.jar:1.8.2]
	at org.junit.platform.launcher.core.EngineExecutionOrchestrator.lambda$execute$0(EngineExecutionOrchestrator.java:54) ~[junit-platform-launcher-1.8.2.jar:1.8.2]
	at org.junit.platform.launcher.core.EngineExecutionOrchestrator.withInterceptedStreams(EngineExecutionOrchestrator.java:67) ~[junit-platform-launcher-1.8.2.jar:1.8.2]
	at org.junit.platform.launcher.core.EngineExecutionOrchestrator.execute(EngineExecutionOrchestrator.java:52) ~[junit-platform-launcher-1.8.2.jar:1.8.2]
	at org.junit.platform.launcher.core.DefaultLauncher.execute(DefaultLauncher.java:114) ~[junit-platform-launcher-1.8.2.jar:1.8.2]
	at org.junit.platform.launcher.core.DefaultLauncher.execute(DefaultLauncher.java:86) ~[junit-platform-launcher-1.8.2.jar:1.8.2]
	at org.junit.platform.launcher.core.DefaultLauncherSession$DelegatingLauncher.execute(DefaultLauncherSession.java:86) ~[junit-platform-launcher-1.8.2.jar:1.8.2]
	at org.junit.platform.launcher.core.SessionPerRequestLauncher.execute(SessionPerRequestLauncher.java:53) ~[junit-platform-launcher-1.8.2.jar:1.8.2]
	at com.intellij.junit5.JUnit5IdeaTestRunner.startRunnerWithArgs(JUnit5IdeaTestRunner.java:66) ~[junit5-rt.jar:?]
	at com.intellij.rt.junit.IdeaTestRunner$Repeater$1.execute(IdeaTestRunner.java:38) ~[junit-rt.jar:?]
	at com.intellij.rt.execution.junit.TestsRepeater.repeat(TestsRepeater.java:11) ~[idea_rt.jar:?]
	at com.intellij.rt.junit.IdeaTestRunner$Repeater.startRunnerWithArgs(IdeaTestRunner.java:35) ~[junit-rt.jar:?]
	at com.intellij.rt.junit.JUnitStarter.prepareStreamsAndStart(JUnitStarter.java:231) ~[junit-rt.jar:?]
	at com.intellij.rt.junit.JUnitStarter.main(JUnitStarter.java:55) ~[junit-rt.jar:?]
[INFO ] [2025-09-23T08:44:10,011] [main] [WebMvcTestContextBootstrapper] Neither @ContextConfiguration nor @ContextHierarchy found for test class [br.com.gubee.interview.core.features.hero.HeroControllerTest], using SpringBootContextLoader 
[INFO ] [2025-09-23T08:44:10,025] [main] [AbstractContextLoader] Could not detect default resource locations for test class [br.com.gubee.interview.core.features.hero.HeroControllerTest]: no resource found for suffixes {-context.xml, Context.groovy}. 
[INFO ] [2025-09-23T08:44:10,026] [main] [AnnotationConfigContextLoaderUtils] Could not detect default configuration classes for test class [br.com.gubee.interview.core.features.hero.HeroControllerTest]: HeroControllerTest does not declare any static, non-private, non-final, nested classes annotated with @Configuration. 
[INFO ] [2025-09-23T08:44:10,242] [main] [SpringBootTestContextBootstrapper] Found @SpringBootConfiguration br.com.gubee.interview.core.Application for test class br.com.gubee.interview.core.features.hero.HeroControllerTest 
[INFO ] [2025-09-23T08:44:10,246] [main] [WebMvcTestContextBootstrapper] Loaded default TestExecutionListener class names from location [META-INF/spring.factories]: [org.springframework.boot.test.mock.mockito.MockitoTestExecutionListener, org.springframework.boot.test.mock.mockito.ResetMocksTestExecutionListener, org.springframework.boot.test.autoconfigure.restdocs.RestDocsTestExecutionListener, org.springframework.boot.test.autoconfigure.web.client.MockRestServiceServerResetTestExecutionListener, org.springframework.boot.test.autoconfigure.web.servlet.MockMvcPrintOnlyOnFailureTestExecutionListener, org.springframework.boot.test.autoconfigure.web.servlet.WebDriverTestExecutionListener, org.springframework.boot.test.autoconfigure.webservices.client.MockWebServiceServerTestExecutionListener, org.springframework.test.context.web.ServletTestExecutionListener, org.springframework.test.context.support.DirtiesContextBeforeModesTestExecutionListener, org.springframework.test.context.event.ApplicationEventsTestExecutionListener, org.springframework.test.context.support.DependencyInjectionTestExecutionListener, org.springframework.test.context.support.DirtiesContextTestExecutionListener, org.springframework.test.context.transaction.TransactionalTestExecutionListener, org.springframework.test.context.jdbc.SqlScriptsTestExecutionListener, org.springframework.test.context.event.EventPublishingTestExecutionListener] 
[INFO ] [2025-09-23T08:44:10,269] [main] [WebMvcTestContextBootstrapper] Using TestExecutionListeners: [org.springframework.test.context.web.ServletTestExecutionListener@6f012914, org.springframework.test.context.support.DirtiesContextBeforeModesTestExecutionListener@18fdb6cf, org.springframework.test.context.event.ApplicationEventsTestExecutionListener@d02f8d, org.springframework.boot.test.mock.mockito.MockitoTestExecutionListener@60baef24, org.springframework.boot.test.autoconfigure.SpringBootDependencyInjectionTestExecutionListener@61533ae, org.springframework.test.context.support.DirtiesContextTestExecutionListener@732bb66d, org.springframework.test.context.transaction.TransactionalTestExecutionListener@720653c2, org.springframework.test.context.jdbc.SqlScriptsTestExecutionListener@45f24169, org.springframework.test.context.event.EventPublishingTestExecutionListener@6ad5923a, org.springframework.boot.test.mock.mockito.ResetMocksTestExecutionListener@4463d9d3, org.springframework.boot.test.autoconfigure.restdocs.RestDocsTestExecutionListener@43b0ade, org.springframework.boot.test.autoconfigure.web.client.MockRestServiceServerResetTestExecutionListener@5395ea39, org.springframework.boot.test.autoconfigure.web.servlet.MockMvcPrintOnlyOnFailureTestExecutionListener@1517f633, org.springframework.boot.test.autoconfigure.web.servlet.WebDriverTestExecutionListener@4fe01803, org.springframework.boot.test.autoconfigure.webservices.client.MockWebServiceServerTestExecutionListener@13d186db] 
[INFO ] [2025-09-23T08:44:10,706] [background-preinit] [Version] HV000001: Hibernate Validator 6.2.3.Final 
[INFO ] [2025-09-23T08:44:10,760] [main] [HeroControllerTest] Starting HeroControllerTest using Java 17.0.12 on DESKTOP-FAH75N0 with PID 15908 (started by 00226 in C:\Guia Gubee\interview-junior\core) 
[INFO ] [2025-09-23T08:44:10,767] [main] [HeroControllerTest] No active profile set, falling back to 1 default profile: "default" 
[INFO ] [2025-09-23T08:44:13,332] [main] [SpringBootMockServletContext] Initializing Spring TestDispatcherServlet '' 
[INFO ] [2025-09-23T08:44:13,332] [main] [TestDispatcherServlet] Initializing Servlet '' 
[INFO ] [2025-09-23T08:44:13,334] [main] [TestDispatcherServlet] Completed initialization in 2 ms 
[INFO ] [2025-09-23T08:44:13,380] [main] [HeroControllerTest] Started HeroControllerTest in 3.038 seconds (JVM running for 5.707) 
[INFO ] [2025-09-23T09:55:16,915] [main] [WebMvcTestContextBootstrapper] Neither @ContextConfiguration nor @ContextHierarchy found for test class [br.com.gubee.interview.core.features.hero.HeroServiceUN], using SpringBootContextLoader 
[INFO ] [2025-09-23T09:55:16,925] [main] [AbstractContextLoader] Could not detect default resource locations for test class [br.com.gubee.interview.core.features.hero.HeroServiceUN]: no resource found for suffixes {-context.xml, Context.groovy}. 
[INFO ] [2025-09-23T09:55:16,926] [main] [AnnotationConfigContextLoaderUtils] Could not detect default configuration classes for test class [br.com.gubee.interview.core.features.hero.HeroServiceUN]: HeroServiceUN does not declare any static, non-private, non-final, nested classes annotated with @Configuration. 
[INFO ] [2025-09-23T09:55:17,128] [main] [SpringBootTestContextBootstrapper] Found @SpringBootConfiguration br.com.gubee.interview.core.Application for test class br.com.gubee.interview.core.features.hero.HeroServiceUN 
[INFO ] [2025-09-23T09:55:17,135] [main] [WebMvcTestContextBootstrapper] Loaded default TestExecutionListener class names from location [META-INF/spring.factories]: [org.springframework.boot.test.mock.mockito.MockitoTestExecutionListener, org.springframework.boot.test.mock.mockito.ResetMocksTestExecutionListener, org.springframework.boot.test.autoconfigure.restdocs.RestDocsTestExecutionListener, org.springframework.boot.test.autoconfigure.web.client.MockRestServiceServerResetTestExecutionListener, org.springframework.boot.test.autoconfigure.web.servlet.MockMvcPrintOnlyOnFailureTestExecutionListener, org.springframework.boot.test.autoconfigure.web.servlet.WebDriverTestExecutionListener, org.springframework.boot.test.autoconfigure.webservices.client.MockWebServiceServerTestExecutionListener, org.springframework.test.context.web.ServletTestExecutionListener, org.springframework.test.context.support.DirtiesContextBeforeModesTestExecutionListener, org.springframework.test.context.event.ApplicationEventsTestExecutionListener, org.springframework.test.context.support.DependencyInjectionTestExecutionListener, org.springframework.test.context.support.DirtiesContextTestExecutionListener, org.springframework.test.context.transaction.TransactionalTestExecutionListener, org.springframework.test.context.jdbc.SqlScriptsTestExecutionListener, org.springframework.test.context.event.EventPublishingTestExecutionListener] 
[INFO ] [2025-09-23T09:55:17,185] [main] [WebMvcTestContextBootstrapper] Using TestExecutionListeners: [org.springframework.test.context.web.ServletTestExecutionListener@375b5b7f, org.springframework.test.context.support.DirtiesContextBeforeModesTestExecutionListener@1813f3e9, org.springframework.test.context.event.ApplicationEventsTestExecutionListener@28cb9120, org.springframework.boot.test.mock.mockito.MockitoTestExecutionListener@3b152928, org.springframework.boot.test.autoconfigure.SpringBootDependencyInjectionTestExecutionListener@56781d96, org.springframework.test.context.support.DirtiesContextTestExecutionListener@5173200b, org.springframework.test.context.transaction.TransactionalTestExecutionListener@25c5e994, org.springframework.test.context.jdbc.SqlScriptsTestExecutionListener@378bd86d, org.springframework.test.context.event.EventPublishingTestExecutionListener@2189e7a7, org.springframework.boot.test.mock.mockito.ResetMocksTestExecutionListener@69b2f8e5, org.springframework.boot.test.autoconfigure.restdocs.RestDocsTestExecutionListener@6331250e, org.springframework.boot.test.autoconfigure.web.client.MockRestServiceServerResetTestExecutionListener@a10c1b5, org.springframework.boot.test.autoconfigure.web.servlet.MockMvcPrintOnlyOnFailureTestExecutionListener@644abb8f, org.springframework.boot.test.autoconfigure.web.servlet.WebDriverTestExecutionListener@1a411233, org.springframework.boot.test.autoconfigure.webservices.client.MockWebServiceServerTestExecutionListener@70325d20] 
[INFO ] [2025-09-23T09:55:17,743] [background-preinit] [Version] HV000001: Hibernate Validator 6.2.3.Final 
[INFO ] [2025-09-23T09:55:17,882] [main] [HeroServiceUN] Starting HeroServiceUN using Java 17.0.12 on DESKTOP-FAH75N0 with PID 14704 (started by 00226 in C:\Guia Gubee\interview-junior\core) 
[INFO ] [2025-09-23T09:55:17,890] [main] [HeroServiceUN] No active profile set, falling back to 1 default profile: "default" 
[INFO ] [2025-09-23T09:55:21,023] [main] [SpringBootMockServletContext] Initializing Spring TestDispatcherServlet '' 
[INFO ] [2025-09-23T09:55:21,023] [main] [TestDispatcherServlet] Initializing Servlet '' 
[INFO ] [2025-09-23T09:55:21,026] [main] [TestDispatcherServlet] Completed initialization in 1 ms 
[INFO ] [2025-09-23T09:55:21,074] [main] [HeroServiceUN] Started HeroServiceUN in 3.813 seconds (JVM running for 6.259) 
[INFO ] [2025-09-23T10:03:27,729] [main] [WebMvcTestContextBootstrapper] Neither @ContextConfiguration nor @ContextHierarchy found for test class [br.com.gubee.interview.core.features.hero.HeroServiceUN], using SpringBootContextLoader 
[INFO ] [2025-09-23T10:03:27,740] [main] [AbstractContextLoader] Could not detect default resource locations for test class [br.com.gubee.interview.core.features.hero.HeroServiceUN]: no resource found for suffixes {-context.xml, Context.groovy}. 
[INFO ] [2025-09-23T10:03:27,742] [main] [AnnotationConfigContextLoaderUtils] Could not detect default configuration classes for test class [br.com.gubee.interview.core.features.hero.HeroServiceUN]: HeroServiceUN does not declare any static, non-private, non-final, nested classes annotated with @Configuration. 
[INFO ] [2025-09-23T10:03:27,977] [main] [SpringBootTestContextBootstrapper] Found @SpringBootConfiguration br.com.gubee.interview.core.Application for test class br.com.gubee.interview.core.features.hero.HeroServiceUN 
[INFO ] [2025-09-23T10:03:27,982] [main] [WebMvcTestContextBootstrapper] Loaded default TestExecutionListener class names from location [META-INF/spring.factories]: [org.springframework.boot.test.mock.mockito.MockitoTestExecutionListener, org.springframework.boot.test.mock.mockito.ResetMocksTestExecutionListener, org.springframework.boot.test.autoconfigure.restdocs.RestDocsTestExecutionListener, org.springframework.boot.test.autoconfigure.web.client.MockRestServiceServerResetTestExecutionListener, org.springframework.boot.test.autoconfigure.web.servlet.MockMvcPrintOnlyOnFailureTestExecutionListener, org.springframework.boot.test.autoconfigure.web.servlet.WebDriverTestExecutionListener, org.springframework.boot.test.autoconfigure.webservices.client.MockWebServiceServerTestExecutionListener, org.springframework.test.context.web.ServletTestExecutionListener, org.springframework.test.context.support.DirtiesContextBeforeModesTestExecutionListener, org.springframework.test.context.event.ApplicationEventsTestExecutionListener, org.springframework.test.context.support.DependencyInjectionTestExecutionListener, org.springframework.test.context.support.DirtiesContextTestExecutionListener, org.springframework.test.context.transaction.TransactionalTestExecutionListener, org.springframework.test.context.jdbc.SqlScriptsTestExecutionListener, org.springframework.test.context.event.EventPublishingTestExecutionListener] 
[INFO ] [2025-09-23T10:03:28,014] [main] [WebMvcTestContextBootstrapper] Using TestExecutionListeners: [org.springframework.test.context.web.ServletTestExecutionListener@5f462e3b, org.springframework.test.context.support.DirtiesContextBeforeModesTestExecutionListener@3d7fa3ae, org.springframework.test.context.event.ApplicationEventsTestExecutionListener@58065f0c, org.springframework.boot.test.mock.mockito.MockitoTestExecutionListener@3605c4d3, org.springframework.boot.test.autoconfigure.SpringBootDependencyInjectionTestExecutionListener@585c13de, org.springframework.test.context.support.DirtiesContextTestExecutionListener@187eb9a8, org.springframework.test.context.transaction.TransactionalTestExecutionListener@726a6b94, org.springframework.test.context.jdbc.SqlScriptsTestExecutionListener@6ad11a56, org.springframework.test.context.event.EventPublishingTestExecutionListener@522b2631, org.springframework.boot.test.mock.mockito.ResetMocksTestExecutionListener@3ff57625, org.springframework.boot.test.autoconfigure.restdocs.RestDocsTestExecutionListener@1ee29c84, org.springframework.boot.test.autoconfigure.web.client.MockRestServiceServerResetTestExecutionListener@7c8326a4, org.springframework.boot.test.autoconfigure.web.servlet.MockMvcPrintOnlyOnFailureTestExecutionListener@77128dab, org.springframework.boot.test.autoconfigure.web.servlet.WebDriverTestExecutionListener@63429932, org.springframework.boot.test.autoconfigure.webservices.client.MockWebServiceServerTestExecutionListener@69ce2f62] 
[INFO ] [2025-09-23T10:03:28,549] [background-preinit] [Version] HV000001: Hibernate Validator 6.2.3.Final 
[INFO ] [2025-09-23T10:03:28,599] [main] [HeroServiceUN] Starting HeroServiceUN using Java 17.0.12 on DESKTOP-FAH75N0 with PID 16144 (started by 00226 in C:\Guia Gubee\interview-junior\core) 
[INFO ] [2025-09-23T10:03:28,603] [main] [HeroServiceUN] No active profile set, falling back to 1 default profile: "default" 
[INFO ] [2025-09-23T10:03:31,362] [main] [SpringBootMockServletContext] Initializing Spring TestDispatcherServlet '' 
[INFO ] [2025-09-23T10:03:31,362] [main] [TestDispatcherServlet] Initializing Servlet '' 
[INFO ] [2025-09-23T10:03:31,363] [main] [TestDispatcherServlet] Completed initialization in 1 ms 
[INFO ] [2025-09-23T10:03:31,404] [main] [HeroServiceUN] Started HeroServiceUN in 3.314 seconds (JVM running for 5.722) 
[INFO ] [2025-09-23T10:06:20,508] [main] [WebMvcTestContextBootstrapper] Neither @ContextConfiguration nor @ContextHierarchy found for test class [br.com.gubee.interview.core.features.hero.HeroServiceUN], using SpringBootContextLoader 
[INFO ] [2025-09-23T10:06:20,519] [main] [AbstractContextLoader] Could not detect default resource locations for test class [br.com.gubee.interview.core.features.hero.HeroServiceUN]: no resource found for suffixes {-context.xml, Context.groovy}. 
[INFO ] [2025-09-23T10:06:20,520] [main] [AnnotationConfigContextLoaderUtils] Could not detect default configuration classes for test class [br.com.gubee.interview.core.features.hero.HeroServiceUN]: HeroServiceUN does not declare any static, non-private, non-final, nested classes annotated with @Configuration. 
[INFO ] [2025-09-23T10:06:20,774] [main] [SpringBootTestContextBootstrapper] Found @SpringBootConfiguration br.com.gubee.interview.core.Application for test class br.com.gubee.interview.core.features.hero.HeroServiceUN 
[INFO ] [2025-09-23T10:06:20,785] [main] [WebMvcTestContextBootstrapper] Loaded default TestExecutionListener class names from location [META-INF/spring.factories]: [org.springframework.boot.test.mock.mockito.MockitoTestExecutionListener, org.springframework.boot.test.mock.mockito.ResetMocksTestExecutionListener, org.springframework.boot.test.autoconfigure.restdocs.RestDocsTestExecutionListener, org.springframework.boot.test.autoconfigure.web.client.MockRestServiceServerResetTestExecutionListener, org.springframework.boot.test.autoconfigure.web.servlet.MockMvcPrintOnlyOnFailureTestExecutionListener, org.springframework.boot.test.autoconfigure.web.servlet.WebDriverTestExecutionListener, org.springframework.boot.test.autoconfigure.webservices.client.MockWebServiceServerTestExecutionListener, org.springframework.test.context.web.ServletTestExecutionListener, org.springframework.test.context.support.DirtiesContextBeforeModesTestExecutionListener, org.springframework.test.context.event.ApplicationEventsTestExecutionListener, org.springframework.test.context.support.DependencyInjectionTestExecutionListener, org.springframework.test.context.support.DirtiesContextTestExecutionListener, org.springframework.test.context.transaction.TransactionalTestExecutionListener, org.springframework.test.context.jdbc.SqlScriptsTestExecutionListener, org.springframework.test.context.event.EventPublishingTestExecutionListener] 
[INFO ] [2025-09-23T10:06:20,837] [main] [WebMvcTestContextBootstrapper] Using TestExecutionListeners: [org.springframework.test.context.web.ServletTestExecutionListener@5f462e3b, org.springframework.test.context.support.DirtiesContextBeforeModesTestExecutionListener@3d7fa3ae, org.springframework.test.context.event.ApplicationEventsTestExecutionListener@58065f0c, org.springframework.boot.test.mock.mockito.MockitoTestExecutionListener@3605c4d3, org.springframework.boot.test.autoconfigure.SpringBootDependencyInjectionTestExecutionListener@585c13de, org.springframework.test.context.support.DirtiesContextTestExecutionListener@187eb9a8, org.springframework.test.context.transaction.TransactionalTestExecutionListener@726a6b94, org.springframework.test.context.jdbc.SqlScriptsTestExecutionListener@6ad11a56, org.springframework.test.context.event.EventPublishingTestExecutionListener@522b2631, org.springframework.boot.test.mock.mockito.ResetMocksTestExecutionListener@3ff57625, org.springframework.boot.test.autoconfigure.restdocs.RestDocsTestExecutionListener@1ee29c84, org.springframework.boot.test.autoconfigure.web.client.MockRestServiceServerResetTestExecutionListener@7c8326a4, org.springframework.boot.test.autoconfigure.web.servlet.MockMvcPrintOnlyOnFailureTestExecutionListener@77128dab, org.springframework.boot.test.autoconfigure.web.servlet.WebDriverTestExecutionListener@63429932, org.springframework.boot.test.autoconfigure.webservices.client.MockWebServiceServerTestExecutionListener@69ce2f62] 
[INFO ] [2025-09-23T10:06:21,251] [background-preinit] [Version] HV000001: Hibernate Validator 6.2.3.Final 
[INFO ] [2025-09-23T10:06:21,296] [main] [HeroServiceUN] Starting HeroServiceUN using Java 17.0.12 on DESKTOP-FAH75N0 with PID 3444 (started by 00226 in C:\Guia Gubee\interview-junior\core) 
[INFO ] [2025-09-23T10:06:21,301] [main] [HeroServiceUN] No active profile set, falling back to 1 default profile: "default" 
[INFO ] [2025-09-23T10:06:23,974] [main] [SpringBootMockServletContext] Initializing Spring TestDispatcherServlet '' 
[INFO ] [2025-09-23T10:06:23,974] [main] [TestDispatcherServlet] Initializing Servlet '' 
[INFO ] [2025-09-23T10:06:23,977] [main] [TestDispatcherServlet] Completed initialization in 2 ms 
[INFO ] [2025-09-23T10:06:24,021] [main] [HeroServiceUN] Started HeroServiceUN in 3.125 seconds (JVM running for 6.969) 
[INFO ] [2025-09-23T11:02:35,475] [main] [WebMvcTestContextBootstrapper] Neither @ContextConfiguration nor @ContextHierarchy found for test class [br.com.gubee.interview.core.features.hero.HeroControllerTest], using SpringBootContextLoader 
[INFO ] [2025-09-23T11:02:35,490] [main] [AbstractContextLoader] Could not detect default resource locations for test class [br.com.gubee.interview.core.features.hero.HeroControllerTest]: no resource found for suffixes {-context.xml, Context.groovy}. 
[INFO ] [2025-09-23T11:02:35,491] [main] [AnnotationConfigContextLoaderUtils] Could not detect default configuration classes for test class [br.com.gubee.interview.core.features.hero.HeroControllerTest]: HeroControllerTest does not declare any static, non-private, non-final, nested classes annotated with @Configuration. 
[INFO ] [2025-09-23T11:02:35,702] [main] [SpringBootTestContextBootstrapper] Found @SpringBootConfiguration br.com.gubee.interview.core.Application for test class br.com.gubee.interview.core.features.hero.HeroControllerTest 
[INFO ] [2025-09-23T11:02:35,708] [main] [WebMvcTestContextBootstrapper] Loaded default TestExecutionListener class names from location [META-INF/spring.factories]: [org.springframework.boot.test.mock.mockito.MockitoTestExecutionListener, org.springframework.boot.test.mock.mockito.ResetMocksTestExecutionListener, org.springframework.boot.test.autoconfigure.restdocs.RestDocsTestExecutionListener, org.springframework.boot.test.autoconfigure.web.client.MockRestServiceServerResetTestExecutionListener, org.springframework.boot.test.autoconfigure.web.servlet.MockMvcPrintOnlyOnFailureTestExecutionListener, org.springframework.boot.test.autoconfigure.web.servlet.WebDriverTestExecutionListener, org.springframework.boot.test.autoconfigure.webservices.client.MockWebServiceServerTestExecutionListener, org.springframework.test.context.web.ServletTestExecutionListener, org.springframework.test.context.support.DirtiesContextBeforeModesTestExecutionListener, org.springframework.test.context.event.ApplicationEventsTestExecutionListener, org.springframework.test.context.support.DependencyInjectionTestExecutionListener, org.springframework.test.context.support.DirtiesContextTestExecutionListener, org.springframework.test.context.transaction.TransactionalTestExecutionListener, org.springframework.test.context.jdbc.SqlScriptsTestExecutionListener, org.springframework.test.context.event.EventPublishingTestExecutionListener] 
[INFO ] [2025-09-23T11:02:35,742] [main] [WebMvcTestContextBootstrapper] Using TestExecutionListeners: [org.springframework.test.context.web.ServletTestExecutionListener@720653c2, org.springframework.test.context.support.DirtiesContextBeforeModesTestExecutionListener@45f24169, org.springframework.test.context.event.ApplicationEventsTestExecutionListener@6ad5923a, org.springframework.boot.test.mock.mockito.MockitoTestExecutionListener@4463d9d3, org.springframework.boot.test.autoconfigure.SpringBootDependencyInjectionTestExecutionListener@43b0ade, org.springframework.test.context.support.DirtiesContextTestExecutionListener@5395ea39, org.springframework.test.context.transaction.TransactionalTestExecutionListener@1517f633, org.springframework.test.context.jdbc.SqlScriptsTestExecutionListener@4fe01803, org.springframework.test.context.event.EventPublishingTestExecutionListener@13d186db, org.springframework.boot.test.mock.mockito.ResetMocksTestExecutionListener@6f6962ba, org.springframework.boot.test.autoconfigure.restdocs.RestDocsTestExecutionListener@4565a70a, org.springframework.boot.test.autoconfigure.web.client.MockRestServiceServerResetTestExecutionListener@a0a9fa5, org.springframework.boot.test.autoconfigure.web.servlet.MockMvcPrintOnlyOnFailureTestExecutionListener@15723761, org.springframework.boot.test.autoconfigure.web.servlet.WebDriverTestExecutionListener@312afbc7, org.springframework.boot.test.autoconfigure.webservices.client.MockWebServiceServerTestExecutionListener@599f571f] 
[INFO ] [2025-09-23T11:02:36,217] [background-preinit] [Version] HV000001: Hibernate Validator 6.2.3.Final 
[INFO ] [2025-09-23T11:02:36,263] [main] [HeroControllerTest] Starting HeroControllerTest using Java 17.0.12 on DESKTOP-FAH75N0 with PID 9508 (started by 00226 in C:\Guia Gubee\interview-junior\core) 
[INFO ] [2025-09-23T11:02:36,268] [main] [HeroControllerTest] No active profile set, falling back to 1 default profile: "default" 
[INFO ] [2025-09-23T11:02:39,143] [main] [SpringBootMockServletContext] Initializing Spring TestDispatcherServlet '' 
[INFO ] [2025-09-23T11:02:39,144] [main] [TestDispatcherServlet] Initializing Servlet '' 
[INFO ] [2025-09-23T11:02:39,145] [main] [TestDispatcherServlet] Completed initialization in 1 ms 
[INFO ] [2025-09-23T11:02:39,197] [main] [HeroControllerTest] Started HeroControllerTest in 3.383 seconds (JVM running for 6.172) 
[INFO ] [2025-09-23T11:07:43,112] [main] [WebMvcTestContextBootstrapper] Neither @ContextConfiguration nor @ContextHierarchy found for test class [br.com.gubee.interview.core.features.hero.HeroControllerTest], using SpringBootContextLoader 
[INFO ] [2025-09-23T11:07:43,123] [main] [AbstractContextLoader] Could not detect default resource locations for test class [br.com.gubee.interview.core.features.hero.HeroControllerTest]: no resource found for suffixes {-context.xml, Context.groovy}. 
[INFO ] [2025-09-23T11:07:43,123] [main] [AnnotationConfigContextLoaderUtils] Could not detect default configuration classes for test class [br.com.gubee.interview.core.features.hero.HeroControllerTest]: HeroControllerTest does not declare any static, non-private, non-final, nested classes annotated with @Configuration. 
[INFO ] [2025-09-23T11:07:43,323] [main] [SpringBootTestContextBootstrapper] Found @SpringBootConfiguration br.com.gubee.interview.core.Application for test class br.com.gubee.interview.core.features.hero.HeroControllerTest 
[INFO ] [2025-09-23T11:07:43,328] [main] [WebMvcTestContextBootstrapper] Loaded default TestExecutionListener class names from location [META-INF/spring.factories]: [org.springframework.boot.test.mock.mockito.MockitoTestExecutionListener, org.springframework.boot.test.mock.mockito.ResetMocksTestExecutionListener, org.springframework.boot.test.autoconfigure.restdocs.RestDocsTestExecutionListener, org.springframework.boot.test.autoconfigure.web.client.MockRestServiceServerResetTestExecutionListener, org.springframework.boot.test.autoconfigure.web.servlet.MockMvcPrintOnlyOnFailureTestExecutionListener, org.springframework.boot.test.autoconfigure.web.servlet.WebDriverTestExecutionListener, org.springframework.boot.test.autoconfigure.webservices.client.MockWebServiceServerTestExecutionListener, org.springframework.test.context.web.ServletTestExecutionListener, org.springframework.test.context.support.DirtiesContextBeforeModesTestExecutionListener, org.springframework.test.context.event.ApplicationEventsTestExecutionListener, org.springframework.test.context.support.DependencyInjectionTestExecutionListener, org.springframework.test.context.support.DirtiesContextTestExecutionListener, org.springframework.test.context.transaction.TransactionalTestExecutionListener, org.springframework.test.context.jdbc.SqlScriptsTestExecutionListener, org.springframework.test.context.event.EventPublishingTestExecutionListener] 
[INFO ] [2025-09-23T11:07:43,354] [main] [WebMvcTestContextBootstrapper] Using TestExecutionListeners: [org.springframework.test.context.web.ServletTestExecutionListener@720653c2, org.springframework.test.context.support.DirtiesContextBeforeModesTestExecutionListener@45f24169, org.springframework.test.context.event.ApplicationEventsTestExecutionListener@6ad5923a, org.springframework.boot.test.mock.mockito.MockitoTestExecutionListener@4463d9d3, org.springframework.boot.test.autoconfigure.SpringBootDependencyInjectionTestExecutionListener@43b0ade, org.springframework.test.context.support.DirtiesContextTestExecutionListener@5395ea39, org.springframework.test.context.transaction.TransactionalTestExecutionListener@1517f633, org.springframework.test.context.jdbc.SqlScriptsTestExecutionListener@4fe01803, org.springframework.test.context.event.EventPublishingTestExecutionListener@13d186db, org.springframework.boot.test.mock.mockito.ResetMocksTestExecutionListener@6f6962ba, org.springframework.boot.test.autoconfigure.restdocs.RestDocsTestExecutionListener@4565a70a, org.springframework.boot.test.autoconfigure.web.client.MockRestServiceServerResetTestExecutionListener@a0a9fa5, org.springframework.boot.test.autoconfigure.web.servlet.MockMvcPrintOnlyOnFailureTestExecutionListener@15723761, org.springframework.boot.test.autoconfigure.web.servlet.WebDriverTestExecutionListener@312afbc7, org.springframework.boot.test.autoconfigure.webservices.client.MockWebServiceServerTestExecutionListener@599f571f] 
[INFO ] [2025-09-23T11:07:43,844] [background-preinit] [Version] HV000001: Hibernate Validator 6.2.3.Final 
[INFO ] [2025-09-23T11:07:43,894] [main] [HeroControllerTest] Starting HeroControllerTest using Java 17.0.12 on DESKTOP-FAH75N0 with PID 5640 (started by 00226 in C:\Guia Gubee\interview-junior\core) 
[INFO ] [2025-09-23T11:07:43,899] [main] [HeroControllerTest] No active profile set, falling back to 1 default profile: "default" 
[INFO ] [2025-09-23T11:07:46,929] [main] [SpringBootMockServletContext] Initializing Spring TestDispatcherServlet '' 
[INFO ] [2025-09-23T11:07:46,929] [main] [TestDispatcherServlet] Initializing Servlet '' 
[INFO ] [2025-09-23T11:07:46,931] [main] [TestDispatcherServlet] Completed initialization in 2 ms 
[INFO ] [2025-09-23T11:07:46,984] [main] [HeroControllerTest] Started HeroControllerTest in 3.548 seconds (JVM running for 6.004) 
[INFO ] [2025-09-23T11:08:31,906] [main] [WebMvcTestContextBootstrapper] Neither @ContextConfiguration nor @ContextHierarchy found for test class [br.com.gubee.interview.core.features.hero.HeroControllerTest], using SpringBootContextLoader 
[INFO ] [2025-09-23T11:08:31,917] [main] [AbstractContextLoader] Could not detect default resource locations for test class [br.com.gubee.interview.core.features.hero.HeroControllerTest]: no resource found for suffixes {-context.xml, Context.groovy}. 
[INFO ] [2025-09-23T11:08:31,918] [main] [AnnotationConfigContextLoaderUtils] Could not detect default configuration classes for test class [br.com.gubee.interview.core.features.hero.HeroControllerTest]: HeroControllerTest does not declare any static, non-private, non-final, nested classes annotated with @Configuration. 
[INFO ] [2025-09-23T11:08:32,132] [main] [SpringBootTestContextBootstrapper] Found @SpringBootConfiguration br.com.gubee.interview.core.Application for test class br.com.gubee.interview.core.features.hero.HeroControllerTest 
[INFO ] [2025-09-23T11:08:32,137] [main] [WebMvcTestContextBootstrapper] Loaded default TestExecutionListener class names from location [META-INF/spring.factories]: [org.springframework.boot.test.mock.mockito.MockitoTestExecutionListener, org.springframework.boot.test.mock.mockito.ResetMocksTestExecutionListener, org.springframework.boot.test.autoconfigure.restdocs.RestDocsTestExecutionListener, org.springframework.boot.test.autoconfigure.web.client.MockRestServiceServerResetTestExecutionListener, org.springframework.boot.test.autoconfigure.web.servlet.MockMvcPrintOnlyOnFailureTestExecutionListener, org.springframework.boot.test.autoconfigure.web.servlet.WebDriverTestExecutionListener, org.springframework.boot.test.autoconfigure.webservices.client.MockWebServiceServerTestExecutionListener, org.springframework.test.context.web.ServletTestExecutionListener, org.springframework.test.context.support.DirtiesContextBeforeModesTestExecutionListener, org.springframework.test.context.event.ApplicationEventsTestExecutionListener, org.springframework.test.context.support.DependencyInjectionTestExecutionListener, org.springframework.test.context.support.DirtiesContextTestExecutionListener, org.springframework.test.context.transaction.TransactionalTestExecutionListener, org.springframework.test.context.jdbc.SqlScriptsTestExecutionListener, org.springframework.test.context.event.EventPublishingTestExecutionListener] 
[INFO ] [2025-09-23T11:08:32,170] [main] [WebMvcTestContextBootstrapper] Using TestExecutionListeners: [org.springframework.test.context.web.ServletTestExecutionListener@720653c2, org.springframework.test.context.support.DirtiesContextBeforeModesTestExecutionListener@45f24169, org.springframework.test.context.event.ApplicationEventsTestExecutionListener@6ad5923a, org.springframework.boot.test.mock.mockito.MockitoTestExecutionListener@4463d9d3, org.springframework.boot.test.autoconfigure.SpringBootDependencyInjectionTestExecutionListener@43b0ade, org.springframework.test.context.support.DirtiesContextTestExecutionListener@5395ea39, org.springframework.test.context.transaction.TransactionalTestExecutionListener@1517f633, org.springframework.test.context.jdbc.SqlScriptsTestExecutionListener@4fe01803, org.springframework.test.context.event.EventPublishingTestExecutionListener@13d186db, org.springframework.boot.test.mock.mockito.ResetMocksTestExecutionListener@6f6962ba, org.springframework.boot.test.autoconfigure.restdocs.RestDocsTestExecutionListener@4565a70a, org.springframework.boot.test.autoconfigure.web.client.MockRestServiceServerResetTestExecutionListener@a0a9fa5, org.springframework.boot.test.autoconfigure.web.servlet.MockMvcPrintOnlyOnFailureTestExecutionListener@15723761, org.springframework.boot.test.autoconfigure.web.servlet.WebDriverTestExecutionListener@312afbc7, org.springframework.boot.test.autoconfigure.webservices.client.MockWebServiceServerTestExecutionListener@599f571f] 
[INFO ] [2025-09-23T11:08:32,653] [background-preinit] [Version] HV000001: Hibernate Validator 6.2.3.Final 
[INFO ] [2025-09-23T11:08:32,701] [main] [HeroControllerTest] Starting HeroControllerTest using Java 17.0.12 on DESKTOP-FAH75N0 with PID 15672 (started by 00226 in C:\Guia Gubee\interview-junior\core) 
[INFO ] [2025-09-23T11:08:32,706] [main] [HeroControllerTest] No active profile set, falling back to 1 default profile: "default" 
[INFO ] [2025-09-23T11:08:35,732] [main] [SpringBootMockServletContext] Initializing Spring TestDispatcherServlet '' 
[INFO ] [2025-09-23T11:08:35,733] [main] [TestDispatcherServlet] Initializing Servlet '' 
[INFO ] [2025-09-23T11:08:35,734] [main] [TestDispatcherServlet] Completed initialization in 1 ms 
[INFO ] [2025-09-23T11:08:35,792] [main] [HeroControllerTest] Started HeroControllerTest in 3.55 seconds (JVM running for 6.016) 
[INFO ] [2025-09-23T11:10:21,002] [main] [WebMvcTestContextBootstrapper] Neither @ContextConfiguration nor @ContextHierarchy found for test class [br.com.gubee.interview.core.features.hero.HeroControllerTest], using SpringBootContextLoader 
[INFO ] [2025-09-23T11:10:21,015] [main] [AbstractContextLoader] Could not detect default resource locations for test class [br.com.gubee.interview.core.features.hero.HeroControllerTest]: no resource found for suffixes {-context.xml, Context.groovy}. 
[INFO ] [2025-09-23T11:10:21,016] [main] [AnnotationConfigContextLoaderUtils] Could not detect default configuration classes for test class [br.com.gubee.interview.core.features.hero.HeroControllerTest]: HeroControllerTest does not declare any static, non-private, non-final, nested classes annotated with @Configuration. 
[INFO ] [2025-09-23T11:10:21,232] [main] [SpringBootTestContextBootstrapper] Found @SpringBootConfiguration br.com.gubee.interview.core.Application for test class br.com.gubee.interview.core.features.hero.HeroControllerTest 
[INFO ] [2025-09-23T11:10:21,237] [main] [WebMvcTestContextBootstrapper] Loaded default TestExecutionListener class names from location [META-INF/spring.factories]: [org.springframework.boot.test.mock.mockito.MockitoTestExecutionListener, org.springframework.boot.test.mock.mockito.ResetMocksTestExecutionListener, org.springframework.boot.test.autoconfigure.restdocs.RestDocsTestExecutionListener, org.springframework.boot.test.autoconfigure.web.client.MockRestServiceServerResetTestExecutionListener, org.springframework.boot.test.autoconfigure.web.servlet.MockMvcPrintOnlyOnFailureTestExecutionListener, org.springframework.boot.test.autoconfigure.web.servlet.WebDriverTestExecutionListener, org.springframework.boot.test.autoconfigure.webservices.client.MockWebServiceServerTestExecutionListener, org.springframework.test.context.web.ServletTestExecutionListener, org.springframework.test.context.support.DirtiesContextBeforeModesTestExecutionListener, org.springframework.test.context.event.ApplicationEventsTestExecutionListener, org.springframework.test.context.support.DependencyInjectionTestExecutionListener, org.springframework.test.context.support.DirtiesContextTestExecutionListener, org.springframework.test.context.transaction.TransactionalTestExecutionListener, org.springframework.test.context.jdbc.SqlScriptsTestExecutionListener, org.springframework.test.context.event.EventPublishingTestExecutionListener] 
[INFO ] [2025-09-23T11:10:21,261] [main] [WebMvcTestContextBootstrapper] Using TestExecutionListeners: [org.springframework.test.context.web.ServletTestExecutionListener@720653c2, org.springframework.test.context.support.DirtiesContextBeforeModesTestExecutionListener@45f24169, org.springframework.test.context.event.ApplicationEventsTestExecutionListener@6ad5923a, org.springframework.boot.test.mock.mockito.MockitoTestExecutionListener@4463d9d3, org.springframework.boot.test.autoconfigure.SpringBootDependencyInjectionTestExecutionListener@43b0ade, org.springframework.test.context.support.DirtiesContextTestExecutionListener@5395ea39, org.springframework.test.context.transaction.TransactionalTestExecutionListener@1517f633, org.springframework.test.context.jdbc.SqlScriptsTestExecutionListener@4fe01803, org.springframework.test.context.event.EventPublishingTestExecutionListener@13d186db, org.springframework.boot.test.mock.mockito.ResetMocksTestExecutionListener@6f6962ba, org.springframework.boot.test.autoconfigure.restdocs.RestDocsTestExecutionListener@4565a70a, org.springframework.boot.test.autoconfigure.web.client.MockRestServiceServerResetTestExecutionListener@a0a9fa5, org.springframework.boot.test.autoconfigure.web.servlet.MockMvcPrintOnlyOnFailureTestExecutionListener@15723761, org.springframework.boot.test.autoconfigure.web.servlet.WebDriverTestExecutionListener@312afbc7, org.springframework.boot.test.autoconfigure.webservices.client.MockWebServiceServerTestExecutionListener@599f571f] 
[INFO ] [2025-09-23T11:10:21,726] [background-preinit] [Version] HV000001: Hibernate Validator 6.2.3.Final 
[INFO ] [2025-09-23T11:10:21,776] [main] [HeroControllerTest] Starting HeroControllerTest using Java 17.0.12 on DESKTOP-FAH75N0 with PID 10416 (started by 00226 in C:\Guia Gubee\interview-junior\core) 
[INFO ] [2025-09-23T11:10:21,782] [main] [HeroControllerTest] No active profile set, falling back to 1 default profile: "default" 
[INFO ] [2025-09-23T11:10:24,579] [main] [SpringBootMockServletContext] Initializing Spring TestDispatcherServlet '' 
[INFO ] [2025-09-23T11:10:24,579] [main] [TestDispatcherServlet] Initializing Servlet '' 
[INFO ] [2025-09-23T11:10:24,581] [main] [TestDispatcherServlet] Completed initialization in 1 ms 
[INFO ] [2025-09-23T11:10:24,623] [main] [HeroControllerTest] Started HeroControllerTest in 3.284 seconds (JVM running for 5.867) 
[INFO ] [2025-09-23T11:15:49,584] [main] [WebMvcTestContextBootstrapper] Neither @ContextConfiguration nor @ContextHierarchy found for test class [br.com.gubee.interview.core.features.hero.HeroControllerTest], using SpringBootContextLoader 
[INFO ] [2025-09-23T11:15:49,596] [main] [AbstractContextLoader] Could not detect default resource locations for test class [br.com.gubee.interview.core.features.hero.HeroControllerTest]: no resource found for suffixes {-context.xml, Context.groovy}. 
[INFO ] [2025-09-23T11:15:49,597] [main] [AnnotationConfigContextLoaderUtils] Could not detect default configuration classes for test class [br.com.gubee.interview.core.features.hero.HeroControllerTest]: HeroControllerTest does not declare any static, non-private, non-final, nested classes annotated with @Configuration. 
[INFO ] [2025-09-23T11:15:49,825] [main] [SpringBootTestContextBootstrapper] Found @SpringBootConfiguration br.com.gubee.interview.core.Application for test class br.com.gubee.interview.core.features.hero.HeroControllerTest 
[INFO ] [2025-09-23T11:15:49,829] [main] [WebMvcTestContextBootstrapper] Loaded default TestExecutionListener class names from location [META-INF/spring.factories]: [org.springframework.boot.test.mock.mockito.MockitoTestExecutionListener, org.springframework.boot.test.mock.mockito.ResetMocksTestExecutionListener, org.springframework.boot.test.autoconfigure.restdocs.RestDocsTestExecutionListener, org.springframework.boot.test.autoconfigure.web.client.MockRestServiceServerResetTestExecutionListener, org.springframework.boot.test.autoconfigure.web.servlet.MockMvcPrintOnlyOnFailureTestExecutionListener, org.springframework.boot.test.autoconfigure.web.servlet.WebDriverTestExecutionListener, org.springframework.boot.test.autoconfigure.webservices.client.MockWebServiceServerTestExecutionListener, org.springframework.test.context.web.ServletTestExecutionListener, org.springframework.test.context.support.DirtiesContextBeforeModesTestExecutionListener, org.springframework.test.context.event.ApplicationEventsTestExecutionListener, org.springframework.test.context.support.DependencyInjectionTestExecutionListener, org.springframework.test.context.support.DirtiesContextTestExecutionListener, org.springframework.test.context.transaction.TransactionalTestExecutionListener, org.springframework.test.context.jdbc.SqlScriptsTestExecutionListener, org.springframework.test.context.event.EventPublishingTestExecutionListener] 
[INFO ] [2025-09-23T11:15:49,852] [main] [WebMvcTestContextBootstrapper] Using TestExecutionListeners: [org.springframework.test.context.web.ServletTestExecutionListener@61533ae, org.springframework.test.context.support.DirtiesContextBeforeModesTestExecutionListener@732bb66d, org.springframework.test.context.event.ApplicationEventsTestExecutionListener@720653c2, org.springframework.boot.test.mock.mockito.MockitoTestExecutionListener@45f24169, org.springframework.boot.test.autoconfigure.SpringBootDependencyInjectionTestExecutionListener@6ad5923a, org.springframework.test.context.support.DirtiesContextTestExecutionListener@4463d9d3, org.springframework.test.context.transaction.TransactionalTestExecutionListener@43b0ade, org.springframework.test.context.jdbc.SqlScriptsTestExecutionListener@5395ea39, org.springframework.test.context.event.EventPublishingTestExecutionListener@1517f633, org.springframework.boot.test.mock.mockito.ResetMocksTestExecutionListener@4fe01803, org.springframework.boot.test.autoconfigure.restdocs.RestDocsTestExecutionListener@13d186db, org.springframework.boot.test.autoconfigure.web.client.MockRestServiceServerResetTestExecutionListener@6f6962ba, org.springframework.boot.test.autoconfigure.web.servlet.MockMvcPrintOnlyOnFailureTestExecutionListener@4565a70a, org.springframework.boot.test.autoconfigure.web.servlet.WebDriverTestExecutionListener@a0a9fa5, org.springframework.boot.test.autoconfigure.webservices.client.MockWebServiceServerTestExecutionListener@15723761] 
[INFO ] [2025-09-23T11:15:50,273] [background-preinit] [Version] HV000001: Hibernate Validator 6.2.3.Final 
[INFO ] [2025-09-23T11:15:50,326] [main] [HeroControllerTest] Starting HeroControllerTest using Java 17.0.12 on DESKTOP-FAH75N0 with PID 4688 (started by 00226 in C:\Guia Gubee\interview-junior\core) 
[INFO ] [2025-09-23T11:15:50,331] [main] [HeroControllerTest] No active profile set, falling back to 1 default profile: "default" 
[INFO ] [2025-09-23T11:15:53,024] [main] [SpringBootMockServletContext] Initializing Spring TestDispatcherServlet '' 
[INFO ] [2025-09-23T11:15:53,025] [main] [TestDispatcherServlet] Initializing Servlet '' 
[INFO ] [2025-09-23T11:15:53,027] [main] [TestDispatcherServlet] Completed initialization in 2 ms 
[INFO ] [2025-09-23T11:15:53,077] [main] [HeroControllerTest] Started HeroControllerTest in 3.164 seconds (JVM running for 5.763) 
[INFO ] [2025-09-23T11:17:11,565] [main] [WebMvcTestContextBootstrapper] Neither @ContextConfiguration nor @ContextHierarchy found for test class [br.com.gubee.interview.core.features.hero.HeroControllerTest], using SpringBootContextLoader 
[INFO ] [2025-09-23T11:17:11,575] [main] [AbstractContextLoader] Could not detect default resource locations for test class [br.com.gubee.interview.core.features.hero.HeroControllerTest]: no resource found for suffixes {-context.xml, Context.groovy}. 
[INFO ] [2025-09-23T11:17:11,576] [main] [AnnotationConfigContextLoaderUtils] Could not detect default configuration classes for test class [br.com.gubee.interview.core.features.hero.HeroControllerTest]: HeroControllerTest does not declare any static, non-private, non-final, nested classes annotated with @Configuration. 
[INFO ] [2025-09-23T11:17:11,755] [main] [SpringBootTestContextBootstrapper] Found @SpringBootConfiguration br.com.gubee.interview.core.Application for test class br.com.gubee.interview.core.features.hero.HeroControllerTest 
[INFO ] [2025-09-23T11:17:11,760] [main] [WebMvcTestContextBootstrapper] Loaded default TestExecutionListener class names from location [META-INF/spring.factories]: [org.springframework.boot.test.mock.mockito.MockitoTestExecutionListener, org.springframework.boot.test.mock.mockito.ResetMocksTestExecutionListener, org.springframework.boot.test.autoconfigure.restdocs.RestDocsTestExecutionListener, org.springframework.boot.test.autoconfigure.web.client.MockRestServiceServerResetTestExecutionListener, org.springframework.boot.test.autoconfigure.web.servlet.MockMvcPrintOnlyOnFailureTestExecutionListener, org.springframework.boot.test.autoconfigure.web.servlet.WebDriverTestExecutionListener, org.springframework.boot.test.autoconfigure.webservices.client.MockWebServiceServerTestExecutionListener, org.springframework.test.context.web.ServletTestExecutionListener, org.springframework.test.context.support.DirtiesContextBeforeModesTestExecutionListener, org.springframework.test.context.event.ApplicationEventsTestExecutionListener, org.springframework.test.context.support.DependencyInjectionTestExecutionListener, org.springframework.test.context.support.DirtiesContextTestExecutionListener, org.springframework.test.context.transaction.TransactionalTestExecutionListener, org.springframework.test.context.jdbc.SqlScriptsTestExecutionListener, org.springframework.test.context.event.EventPublishingTestExecutionListener] 
[INFO ] [2025-09-23T11:17:11,785] [main] [WebMvcTestContextBootstrapper] Using TestExecutionListeners: [org.springframework.test.context.web.ServletTestExecutionListener@720653c2, org.springframework.test.context.support.DirtiesContextBeforeModesTestExecutionListener@45f24169, org.springframework.test.context.event.ApplicationEventsTestExecutionListener@6ad5923a, org.springframework.boot.test.mock.mockito.MockitoTestExecutionListener@4463d9d3, org.springframework.boot.test.autoconfigure.SpringBootDependencyInjectionTestExecutionListener@43b0ade, org.springframework.test.context.support.DirtiesContextTestExecutionListener@5395ea39, org.springframework.test.context.transaction.TransactionalTestExecutionListener@1517f633, org.springframework.test.context.jdbc.SqlScriptsTestExecutionListener@4fe01803, org.springframework.test.context.event.EventPublishingTestExecutionListener@13d186db, org.springframework.boot.test.mock.mockito.ResetMocksTestExecutionListener@6f6962ba, org.springframework.boot.test.autoconfigure.restdocs.RestDocsTestExecutionListener@4565a70a, org.springframework.boot.test.autoconfigure.web.client.MockRestServiceServerResetTestExecutionListener@a0a9fa5, org.springframework.boot.test.autoconfigure.web.servlet.MockMvcPrintOnlyOnFailureTestExecutionListener@15723761, org.springframework.boot.test.autoconfigure.web.servlet.WebDriverTestExecutionListener@312afbc7, org.springframework.boot.test.autoconfigure.webservices.client.MockWebServiceServerTestExecutionListener@599f571f] 
[INFO ] [2025-09-23T11:17:12,209] [background-preinit] [Version] HV000001: Hibernate Validator 6.2.3.Final 
[INFO ] [2025-09-23T11:17:12,252] [main] [HeroControllerTest] Starting HeroControllerTest using Java 17.0.12 on DESKTOP-FAH75N0 with PID 5524 (started by 00226 in C:\Guia Gubee\interview-junior\core) 
[INFO ] [2025-09-23T11:17:12,258] [main] [HeroControllerTest] No active profile set, falling back to 1 default profile: "default" 
[INFO ] [2025-09-23T11:17:15,016] [main] [SpringBootMockServletContext] Initializing Spring TestDispatcherServlet '' 
[INFO ] [2025-09-23T11:17:15,016] [main] [TestDispatcherServlet] Initializing Servlet '' 
[INFO ] [2025-09-23T11:17:15,018] [main] [TestDispatcherServlet] Completed initialization in 2 ms 
[INFO ] [2025-09-23T11:17:15,061] [main] [HeroControllerTest] Started HeroControllerTest in 3.213 seconds (JVM running for 5.632) 
[INFO ] [2025-09-23T11:17:26,041] [main] [WebMvcTestContextBootstrapper] Neither @ContextConfiguration nor @ContextHierarchy found for test class [br.com.gubee.interview.core.features.hero.HeroControllerTest], using SpringBootContextLoader 
[INFO ] [2025-09-23T11:17:26,053] [main] [AbstractContextLoader] Could not detect default resource locations for test class [br.com.gubee.interview.core.features.hero.HeroControllerTest]: no resource found for suffixes {-context.xml, Context.groovy}. 
[INFO ] [2025-09-23T11:17:26,054] [main] [AnnotationConfigContextLoaderUtils] Could not detect default configuration classes for test class [br.com.gubee.interview.core.features.hero.HeroControllerTest]: HeroControllerTest does not declare any static, non-private, non-final, nested classes annotated with @Configuration. 
[INFO ] [2025-09-23T11:17:26,250] [main] [SpringBootTestContextBootstrapper] Found @SpringBootConfiguration br.com.gubee.interview.core.Application for test class br.com.gubee.interview.core.features.hero.HeroControllerTest 
[INFO ] [2025-09-23T11:17:26,256] [main] [WebMvcTestContextBootstrapper] Loaded default TestExecutionListener class names from location [META-INF/spring.factories]: [org.springframework.boot.test.mock.mockito.MockitoTestExecutionListener, org.springframework.boot.test.mock.mockito.ResetMocksTestExecutionListener, org.springframework.boot.test.autoconfigure.restdocs.RestDocsTestExecutionListener, org.springframework.boot.test.autoconfigure.web.client.MockRestServiceServerResetTestExecutionListener, org.springframework.boot.test.autoconfigure.web.servlet.MockMvcPrintOnlyOnFailureTestExecutionListener, org.springframework.boot.test.autoconfigure.web.servlet.WebDriverTestExecutionListener, org.springframework.boot.test.autoconfigure.webservices.client.MockWebServiceServerTestExecutionListener, org.springframework.test.context.web.ServletTestExecutionListener, org.springframework.test.context.support.DirtiesContextBeforeModesTestExecutionListener, org.springframework.test.context.event.ApplicationEventsTestExecutionListener, org.springframework.test.context.support.DependencyInjectionTestExecutionListener, org.springframework.test.context.support.DirtiesContextTestExecutionListener, org.springframework.test.context.transaction.TransactionalTestExecutionListener, org.springframework.test.context.jdbc.SqlScriptsTestExecutionListener, org.springframework.test.context.event.EventPublishingTestExecutionListener] 
[INFO ] [2025-09-23T11:17:26,307] [main] [WebMvcTestContextBootstrapper] Using TestExecutionListeners: [org.springframework.test.context.web.ServletTestExecutionListener@61533ae, org.springframework.test.context.support.DirtiesContextBeforeModesTestExecutionListener@732bb66d, org.springframework.test.context.event.ApplicationEventsTestExecutionListener@720653c2, org.springframework.boot.test.mock.mockito.MockitoTestExecutionListener@45f24169, org.springframework.boot.test.autoconfigure.SpringBootDependencyInjectionTestExecutionListener@6ad5923a, org.springframework.test.context.support.DirtiesContextTestExecutionListener@4463d9d3, org.springframework.test.context.transaction.TransactionalTestExecutionListener@43b0ade, org.springframework.test.context.jdbc.SqlScriptsTestExecutionListener@5395ea39, org.springframework.test.context.event.EventPublishingTestExecutionListener@1517f633, org.springframework.boot.test.mock.mockito.ResetMocksTestExecutionListener@4fe01803, org.springframework.boot.test.autoconfigure.restdocs.RestDocsTestExecutionListener@13d186db, org.springframework.boot.test.autoconfigure.web.client.MockRestServiceServerResetTestExecutionListener@6f6962ba, org.springframework.boot.test.autoconfigure.web.servlet.MockMvcPrintOnlyOnFailureTestExecutionListener@4565a70a, org.springframework.boot.test.autoconfigure.web.servlet.WebDriverTestExecutionListener@a0a9fa5, org.springframework.boot.test.autoconfigure.webservices.client.MockWebServiceServerTestExecutionListener@15723761] 
[INFO ] [2025-09-23T11:17:26,779] [background-preinit] [Version] HV000001: Hibernate Validator 6.2.3.Final 
[INFO ] [2025-09-23T11:17:26,833] [main] [HeroControllerTest] Starting HeroControllerTest using Java 17.0.12 on DESKTOP-FAH75N0 with PID 6804 (started by 00226 in C:\Guia Gubee\interview-junior\core) 
[INFO ] [2025-09-23T11:17:26,839] [main] [HeroControllerTest] No active profile set, falling back to 1 default profile: "default" 
[INFO ] [2025-09-23T11:17:29,703] [main] [SpringBootMockServletContext] Initializing Spring TestDispatcherServlet '' 
[INFO ] [2025-09-23T11:17:29,703] [main] [TestDispatcherServlet] Initializing Servlet '' 
[INFO ] [2025-09-23T11:17:29,705] [main] [TestDispatcherServlet] Completed initialization in 2 ms 
[INFO ] [2025-09-23T11:17:29,750] [main] [HeroControllerTest] Started HeroControllerTest in 3.364 seconds (JVM running for 5.762) 
